CRITICAL - 2021-11-26 23:43:47 --> Call to undefined method CodeIgniter\Database\MySQLi\Builder::find()
#0 C:\xampp\htdocs\bitirmeProjesi-Ci\app\Controllers\Backend\Login.php(24): App\Models\LoginModel->girisYap('', '')
#1 C:\xampp\htdocs\bitirmeProjesi-Ci\system\CodeIgniter.php(824): App\Controllers\Backend\Login->check_log()
#2 C:\xampp\htdocs\bitirmeProjesi-Ci\system\CodeIgniter.php(410): CodeIgniter\CodeIgniter->runController(Object(App\Controllers\Backend\Login))
#3 C:\xampp\htdocs\bitirmeProjesi-Ci\system\CodeIgniter.php(318): CodeIgniter\CodeIgniter->handleRequest(NULL, Object(Config\Cache), false)
#4 C:\xampp\htdocs\bitirmeProjesi-Ci\index.php(37): CodeIgniter\CodeIgniter->run()
#5 {main}
CRITICAL - 2021-11-26 23:43:52 --> Call to undefined method CodeIgniter\Database\MySQLi\Builder::find()
#0 C:\xampp\htdocs\bitirmeProjesi-Ci\app\Controllers\Backend\Login.php(24): App\Models\LoginModel->girisYap('erqwer', 'qwer')
#1 C:\xampp\htdocs\bitirmeProjesi-Ci\system\CodeIgniter.php(824): App\Controllers\Backend\Login->check_log()
#2 C:\xampp\htdocs\bitirmeProjesi-Ci\system\CodeIgniter.php(410): CodeIgniter\CodeIgniter->runController(Object(App\Controllers\Backend\Login))
#3 C:\xampp\htdocs\bitirmeProjesi-Ci\system\CodeIgniter.php(318): CodeIgniter\CodeIgniter->handleRequest(NULL, Object(Config\Cache), false)
#4 C:\xampp\htdocs\bitirmeProjesi-Ci\index.php(37): CodeIgniter\CodeIgniter->run()
#5 {main}
CRITICAL - 2021-11-26 23:44:02 --> Call to undefined method CodeIgniter\Database\MySQLi\Builder::find()
#0 C:\xampp\htdocs\bitirmeProjesi-Ci\app\Controllers\Backend\Login.php(24): App\Models\LoginModel->girisYap('erqwer', '')
#1 C:\xampp\htdocs\bitirmeProjesi-Ci\system\CodeIgniter.php(824): App\Controllers\Backend\Login->check_log()
#2 C:\xampp\htdocs\bitirmeProjesi-Ci\system\CodeIgniter.php(410): CodeIgniter\CodeIgniter->runController(Object(App\Controllers\Backend\Login))
#3 C:\xampp\htdocs\bitirmeProjesi-Ci\system\CodeIgniter.php(318): CodeIgniter\CodeIgniter->handleRequest(NULL, Object(Config\Cache), false)
#4 C:\xampp\htdocs\bitirmeProjesi-Ci\index.php(37): CodeIgniter\CodeIgniter->run()
#5 {main}
CRITICAL - 2021-11-26 23:44:17 --> Call to undefined method CodeIgniter\Database\MySQLi\Builder::find()
#0 C:\xampp\htdocs\bitirmeProjesi-Ci\app\Controllers\Backend\Login.php(24): App\Models\LoginModel->girisYap('erqwqer', 'qwerqwer')
#1 C:\xampp\htdocs\bitirmeProjesi-Ci\system\CodeIgniter.php(824): App\Controllers\Backend\Login->check_log()
#2 C:\xampp\htdocs\bitirmeProjesi-Ci\system\CodeIgniter.php(410): CodeIgniter\CodeIgniter->runController(Object(App\Controllers\Backend\Login))
#3 C:\xampp\htdocs\bitirmeProjesi-Ci\system\CodeIgniter.php(318): CodeIgniter\CodeIgniter->handleRequest(NULL, Object(Config\Cache), false)
#4 C:\xampp\htdocs\bitirmeProjesi-Ci\index.php(37): CodeIgniter\CodeIgniter->run()
#5 {main}
CRITICAL - 2021-11-26 23:44:26 --> Call to undefined method CodeIgniter\Database\MySQLi\Builder::find()
#0 C:\xampp\htdocs\bitirmeProjesi-Ci\app\Controllers\Backend\Login.php(25): App\Models\LoginModel->girisYap('erqwqer', '')
#1 C:\xampp\htdocs\bitirmeProjesi-Ci\system\CodeIgniter.php(824): App\Controllers\Backend\Login->check_log()
#2 C:\xampp\htdocs\bitirmeProjesi-Ci\system\CodeIgniter.php(410): CodeIgniter\CodeIgniter->runController(Object(App\Controllers\Backend\Login))
#3 C:\xampp\htdocs\bitirmeProjesi-Ci\system\CodeIgniter.php(318): CodeIgniter\CodeIgniter->handleRequest(NULL, Object(Config\Cache), false)
#4 C:\xampp\htdocs\bitirmeProjesi-Ci\index.php(37): CodeIgniter\CodeIgniter->run()
#5 {main}
CRITICAL - 2021-11-26 23:44:30 --> Call to undefined method CodeIgniter\Database\MySQLi\Builder::find()
#0 C:\xampp\htdocs\bitirmeProjesi-Ci\app\Controllers\Backend\Login.php(25): App\Models\LoginModel->girisYap('qqwer', 'qwerqwer')
#1 C:\xampp\htdocs\bitirmeProjesi-Ci\system\CodeIgniter.php(824): App\Controllers\Backend\Login->check_log()
#2 C:\xampp\htdocs\bitirmeProjesi-Ci\system\CodeIgniter.php(410): CodeIgniter\CodeIgniter->runController(Object(App\Controllers\Backend\Login))
#3 C:\xampp\htdocs\bitirmeProjesi-Ci\system\CodeIgniter.php(318): CodeIgniter\CodeIgniter->handleRequest(NULL, Object(Config\Cache), false)
#4 C:\xampp\htdocs\bitirmeProjesi-Ci\index.php(37): CodeIgniter\CodeIgniter->run()
#5 {main}
CRITICAL - 2021-11-26 23:44:36 --> Call to undefined method CodeIgniter\Database\MySQLi\Builder::find()
#0 C:\xampp\htdocs\bitirmeProjesi-Ci\app\Controllers\Backend\Login.php(25): App\Models\LoginModel->girisYap('', '')
#1 C:\xampp\htdocs\bitirmeProjesi-Ci\system\CodeIgniter.php(824): App\Controllers\Backend\Login->check_log()
#2 C:\xampp\htdocs\bitirmeProjesi-Ci\system\CodeIgniter.php(410): CodeIgniter\CodeIgniter->runController(Object(App\Controllers\Backend\Login))
#3 C:\xampp\htdocs\bitirmeProjesi-Ci\system\CodeIgniter.php(318): CodeIgniter\CodeIgniter->handleRequest(NULL, Object(Config\Cache), false)
#4 C:\xampp\htdocs\bitirmeProjesi-Ci\index.php(37): CodeIgniter\CodeIgniter->run()
#5 {main}
