CRITICAL - 2021-11-28 15:00:53 --> Call to undefined method CodeIgniter\Database\MySQLi\Builder::find()
#0 C:\xampp\htdocs\bitirmeProjesi-Ci\app\Controllers\Backend\Login.php(32): App\Models\LoginModel->girisYap('admin', '123456')
#1 C:\xampp\htdocs\bitirmeProjesi-Ci\system\CodeIgniter.php(824): App\Controllers\Backend\Login->index()
#2 C:\xampp\htdocs\bitirmeProjesi-Ci\system\CodeIgniter.php(410): CodeIgniter\CodeIgniter->runController(Object(App\Controllers\Backend\Login))
#3 C:\xampp\htdocs\bitirmeProjesi-Ci\system\CodeIgniter.php(318): CodeIgniter\CodeIgniter->handleRequest(NULL, Object(Config\Cache), false)
#4 C:\xampp\htdocs\bitirmeProjesi-Ci\index.php(37): CodeIgniter\CodeIgniter->run()
#5 {main}
CRITICAL - 2021-11-28 15:07:19 --> syntax error, unexpected '=>' (T_DOUBLE_ARROW), expecting ')'
#0 C:\xampp\htdocs\bitirmeProjesi-Ci\system\Autoloader\Autoloader.php(241): CodeIgniter\Autoloader\Autoloader->includeFile('C:\\xampp\\htdocs...')
#1 C:\xampp\htdocs\bitirmeProjesi-Ci\system\Autoloader\Autoloader.php(219): CodeIgniter\Autoloader\Autoloader->loadInNamespace('App\\Models\\Logi...')
#2 [internal function]: CodeIgniter\Autoloader\Autoloader->loadClass('App\\Models\\Logi...')
#3 C:\xampp\htdocs\bitirmeProjesi-Ci\app\Controllers\Backend\Login.php(18): spl_autoload_call('App\\Models\\Logi...')
#4 C:\xampp\htdocs\bitirmeProjesi-Ci\system\CodeIgniter.php(801): App\Controllers\Backend\Login->__construct()
#5 C:\xampp\htdocs\bitirmeProjesi-Ci\system\CodeIgniter.php(401): CodeIgniter\CodeIgniter->createController()
#6 C:\xampp\htdocs\bitirmeProjesi-Ci\system\CodeIgniter.php(318): CodeIgniter\CodeIgniter->handleRequest(NULL, Object(Config\Cache), false)
#7 C:\xampp\htdocs\bitirmeProjesi-Ci\index.php(37): CodeIgniter\CodeIgniter->run()
#8 {main}
CRITICAL - 2021-11-28 16:18:05 --> syntax error, unexpected ''toolbar'' (T_CONSTANT_ENCAPSED_STRING), expecting ']'
#0 C:\xampp\htdocs\bitirmeProjesi-Ci\system\Autoloader\Autoloader.php(241): CodeIgniter\Autoloader\Autoloader->includeFile('C:\\xampp\\htdocs...')
#1 C:\xampp\htdocs\bitirmeProjesi-Ci\system\Autoloader\Autoloader.php(219): CodeIgniter\Autoloader\Autoloader->loadInNamespace('Config\\Filters')
#2 [internal function]: CodeIgniter\Autoloader\Autoloader->loadClass('Config\\Filters')
#3 [internal function]: spl_autoload_call('Config\\Filters')
#4 C:\xampp\htdocs\bitirmeProjesi-Ci\system\Config\Factories.php(136): class_exists('Config\\Filters')
#5 C:\xampp\htdocs\bitirmeProjesi-Ci\system\Config\Factories.php(106): CodeIgniter\Config\Factories::locateClass(Array, 'Filters')
#6 C:\xampp\htdocs\bitirmeProjesi-Ci\system\Common.php(198): CodeIgniter\Config\Factories::__callStatic('config', Array)
#7 C:\xampp\htdocs\bitirmeProjesi-Ci\system\Config\Services.php(258): config('Filters')
#8 C:\xampp\htdocs\bitirmeProjesi-Ci\system\Config\BaseService.php(248): CodeIgniter\Config\Services::filters(NULL, false)
#9 C:\xampp\htdocs\bitirmeProjesi-Ci\system\Config\BaseService.php(189): CodeIgniter\Config\BaseService::__callStatic('filters', Array)
#10 C:\xampp\htdocs\bitirmeProjesi-Ci\system\Config\Services.php(255): CodeIgniter\Config\BaseService::getSharedInstance('filters', NULL)
#11 C:\xampp\htdocs\bitirmeProjesi-Ci\system\Config\BaseService.php(248): CodeIgniter\Config\Services::filters()
#12 C:\xampp\htdocs\bitirmeProjesi-Ci\system\CodeIgniter.php(364): CodeIgniter\Config\BaseService::__callStatic('filters', Array)
#13 C:\xampp\htdocs\bitirmeProjesi-Ci\system\CodeIgniter.php(318): CodeIgniter\CodeIgniter->handleRequest(NULL, Object(Config\Cache), false)
#14 C:\xampp\htdocs\bitirmeProjesi-Ci\index.php(37): CodeIgniter\CodeIgniter->run()
#15 {main}
CRITICAL - 2021-11-28 16:26:42 --> Undefined offset: 1
#0 C:\xampp\htdocs\bitirmeProjesi-Ci\app\Filters\IsLoggedIn.php(15): CodeIgniter\Debug\Exceptions->errorHandler(8, 'Undefined offse...', 'C:\\xampp\\htdocs...', 15, Array)
#1 C:\xampp\htdocs\bitirmeProjesi-Ci\system\Filters\Filters.php(173): App\Filters\IsLoggedIn->before(Object(CodeIgniter\HTTP\IncomingRequest), NULL)
#2 C:\xampp\htdocs\bitirmeProjesi-Ci\system\CodeIgniter.php(384): CodeIgniter\Filters\Filters->run('panel/', 'before')
#3 C:\xampp\htdocs\bitirmeProjesi-Ci\system\CodeIgniter.php(318): CodeIgniter\CodeIgniter->handleRequest(NULL, Object(Config\Cache), false)
#4 C:\xampp\htdocs\bitirmeProjesi-Ci\index.php(37): CodeIgniter\CodeIgniter->run()
#5 {main}
CRITICAL - 2021-11-28 16:27:41 --> Undefined offset: 1
#0 C:\xampp\htdocs\bitirmeProjesi-Ci\app\Filters\IsLoggedIn.php(15): CodeIgniter\Debug\Exceptions->errorHandler(8, 'Undefined offse...', 'C:\\xampp\\htdocs...', 15, Array)
#1 C:\xampp\htdocs\bitirmeProjesi-Ci\system\Filters\Filters.php(173): App\Filters\IsLoggedIn->before(Object(CodeIgniter\HTTP\IncomingRequest), NULL)
#2 C:\xampp\htdocs\bitirmeProjesi-Ci\system\CodeIgniter.php(384): CodeIgniter\Filters\Filters->run('panel/', 'before')
#3 C:\xampp\htdocs\bitirmeProjesi-Ci\system\CodeIgniter.php(318): CodeIgniter\CodeIgniter->handleRequest(NULL, Object(Config\Cache), false)
#4 C:\xampp\htdocs\bitirmeProjesi-Ci\index.php(37): CodeIgniter\CodeIgniter->run()
#5 {main}
CRITICAL - 2021-11-28 16:28:44 --> Undefined offset: 1
#0 C:\xampp\htdocs\bitirmeProjesi-Ci\app\Filters\IsLoggedIn.php(15): CodeIgniter\Debug\Exceptions->errorHandler(8, 'Undefined offse...', 'C:\\xampp\\htdocs...', 15, Array)
#1 C:\xampp\htdocs\bitirmeProjesi-Ci\system\Filters\Filters.php(173): App\Filters\IsLoggedIn->before(Object(CodeIgniter\HTTP\IncomingRequest), NULL)
#2 C:\xampp\htdocs\bitirmeProjesi-Ci\system\CodeIgniter.php(384): CodeIgniter\Filters\Filters->run('panel/', 'before')
#3 C:\xampp\htdocs\bitirmeProjesi-Ci\system\CodeIgniter.php(318): CodeIgniter\CodeIgniter->handleRequest(NULL, Object(Config\Cache), false)
#4 C:\xampp\htdocs\bitirmeProjesi-Ci\index.php(37): CodeIgniter\CodeIgniter->run()
#5 {main}
CRITICAL - 2021-11-28 16:29:03 --> Undefined offset: 1
#0 C:\xampp\htdocs\bitirmeProjesi-Ci\app\Filters\IsLoggedIn.php(15): CodeIgniter\Debug\Exceptions->errorHandler(8, 'Undefined offse...', 'C:\\xampp\\htdocs...', 15, Array)
#1 C:\xampp\htdocs\bitirmeProjesi-Ci\system\Filters\Filters.php(173): App\Filters\IsLoggedIn->before(Object(CodeIgniter\HTTP\IncomingRequest), NULL)
#2 C:\xampp\htdocs\bitirmeProjesi-Ci\system\CodeIgniter.php(384): CodeIgniter\Filters\Filters->run('panel/', 'before')
#3 C:\xampp\htdocs\bitirmeProjesi-Ci\system\CodeIgniter.php(318): CodeIgniter\CodeIgniter->handleRequest(NULL, Object(Config\Cache), false)
#4 C:\xampp\htdocs\bitirmeProjesi-Ci\index.php(37): CodeIgniter\CodeIgniter->run()
#5 {main}
CRITICAL - 2021-11-28 16:30:50 --> Undefined offset: 1
#0 C:\xampp\htdocs\bitirmeProjesi-Ci\app\Filters\IsLoggedIn.php(15): CodeIgniter\Debug\Exceptions->errorHandler(8, 'Undefined offse...', 'C:\\xampp\\htdocs...', 15, Array)
#1 C:\xampp\htdocs\bitirmeProjesi-Ci\system\Filters\Filters.php(173): App\Filters\IsLoggedIn->before(Object(CodeIgniter\HTTP\IncomingRequest), NULL)
#2 C:\xampp\htdocs\bitirmeProjesi-Ci\system\CodeIgniter.php(384): CodeIgniter\Filters\Filters->run('panel/', 'before')
#3 C:\xampp\htdocs\bitirmeProjesi-Ci\system\CodeIgniter.php(318): CodeIgniter\CodeIgniter->handleRequest(NULL, Object(Config\Cache), false)
#4 C:\xampp\htdocs\bitirmeProjesi-Ci\index.php(37): CodeIgniter\CodeIgniter->run()
#5 {main}
CRITICAL - 2021-11-28 16:30:57 --> Undefined offset: 1
#0 C:\xampp\htdocs\bitirmeProjesi-Ci\app\Filters\IsLoggedIn.php(15): CodeIgniter\Debug\Exceptions->errorHandler(8, 'Undefined offse...', 'C:\\xampp\\htdocs...', 15, Array)
#1 C:\xampp\htdocs\bitirmeProjesi-Ci\system\Filters\Filters.php(173): App\Filters\IsLoggedIn->before(Object(CodeIgniter\HTTP\IncomingRequest), NULL)
#2 C:\xampp\htdocs\bitirmeProjesi-Ci\system\CodeIgniter.php(384): CodeIgniter\Filters\Filters->run('panel', 'before')
#3 C:\xampp\htdocs\bitirmeProjesi-Ci\system\CodeIgniter.php(318): CodeIgniter\CodeIgniter->handleRequest(NULL, Object(Config\Cache), false)
#4 C:\xampp\htdocs\bitirmeProjesi-Ci\index.php(37): CodeIgniter\CodeIgniter->run()
#5 {main}
CRITICAL - 2021-11-28 16:31:12 --> Undefined offset: 1
#0 C:\xampp\htdocs\bitirmeProjesi-Ci\app\Filters\IsLoggedIn.php(16): CodeIgniter\Debug\Exceptions->errorHandler(8, 'Undefined offse...', 'C:\\xampp\\htdocs...', 16, Array)
#1 C:\xampp\htdocs\bitirmeProjesi-Ci\system\Filters\Filters.php(173): App\Filters\IsLoggedIn->before(Object(CodeIgniter\HTTP\IncomingRequest), NULL)
#2 C:\xampp\htdocs\bitirmeProjesi-Ci\system\CodeIgniter.php(384): CodeIgniter\Filters\Filters->run('panel', 'before')
#3 C:\xampp\htdocs\bitirmeProjesi-Ci\system\CodeIgniter.php(318): CodeIgniter\CodeIgniter->handleRequest(NULL, Object(Config\Cache), false)
#4 C:\xampp\htdocs\bitirmeProjesi-Ci\index.php(37): CodeIgniter\CodeIgniter->run()
#5 {main}
CRITICAL - 2021-11-28 16:31:19 --> Undefined offset: 1
#0 C:\xampp\htdocs\bitirmeProjesi-Ci\app\Filters\IsLoggedIn.php(16): CodeIgniter\Debug\Exceptions->errorHandler(8, 'Undefined offse...', 'C:\\xampp\\htdocs...', 16, Array)
#1 C:\xampp\htdocs\bitirmeProjesi-Ci\system\Filters\Filters.php(173): App\Filters\IsLoggedIn->before(Object(CodeIgniter\HTTP\IncomingRequest), NULL)
#2 C:\xampp\htdocs\bitirmeProjesi-Ci\system\CodeIgniter.php(384): CodeIgniter\Filters\Filters->run('panel/', 'before')
#3 C:\xampp\htdocs\bitirmeProjesi-Ci\system\CodeIgniter.php(318): CodeIgniter\CodeIgniter->handleRequest(NULL, Object(Config\Cache), false)
#4 C:\xampp\htdocs\bitirmeProjesi-Ci\index.php(37): CodeIgniter\CodeIgniter->run()
#5 {main}
CRITICAL - 2021-11-28 17:52:33 --> Trying to get property 'kullaniciAdi' of non-object
#0 C:\xampp\htdocs\bitirmeProjesi-Ci\app\Controllers\Backend\Home.php(15): CodeIgniter\Debug\Exceptions->errorHandler(8, 'Trying to get p...', 'C:\\xampp\\htdocs...', 15, Array)
#1 C:\xampp\htdocs\bitirmeProjesi-Ci\system\CodeIgniter.php(824): App\Controllers\Backend\Home->index()
#2 C:\xampp\htdocs\bitirmeProjesi-Ci\system\CodeIgniter.php(410): CodeIgniter\CodeIgniter->runController(Object(App\Controllers\Backend\Home))
#3 C:\xampp\htdocs\bitirmeProjesi-Ci\system\CodeIgniter.php(318): CodeIgniter\CodeIgniter->handleRequest(NULL, Object(Config\Cache), false)
#4 C:\xampp\htdocs\bitirmeProjesi-Ci\index.php(37): CodeIgniter\CodeIgniter->run()
#5 {main}
CRITICAL - 2021-11-28 17:52:54 --> Array to string conversion
#0 C:\xampp\htdocs\bitirmeProjesi-Ci\app\Controllers\Backend\Home.php(15): CodeIgniter\Debug\Exceptions->errorHandler(8, 'Array to string...', 'C:\\xampp\\htdocs...', 15, Array)
#1 C:\xampp\htdocs\bitirmeProjesi-Ci\system\CodeIgniter.php(824): App\Controllers\Backend\Home->index()
#2 C:\xampp\htdocs\bitirmeProjesi-Ci\system\CodeIgniter.php(410): CodeIgniter\CodeIgniter->runController(Object(App\Controllers\Backend\Home))
#3 C:\xampp\htdocs\bitirmeProjesi-Ci\system\CodeIgniter.php(318): CodeIgniter\CodeIgniter->handleRequest(NULL, Object(Config\Cache), false)
#4 C:\xampp\htdocs\bitirmeProjesi-Ci\index.php(37): CodeIgniter\CodeIgniter->run()
#5 {main}
CRITICAL - 2021-11-28 17:53:00 --> Array to string conversion
#0 C:\xampp\htdocs\bitirmeProjesi-Ci\app\Controllers\Backend\Home.php(15): CodeIgniter\Debug\Exceptions->errorHandler(8, 'Array to string...', 'C:\\xampp\\htdocs...', 15, Array)
#1 C:\xampp\htdocs\bitirmeProjesi-Ci\system\CodeIgniter.php(824): App\Controllers\Backend\Home->index()
#2 C:\xampp\htdocs\bitirmeProjesi-Ci\system\CodeIgniter.php(410): CodeIgniter\CodeIgniter->runController(Object(App\Controllers\Backend\Home))
#3 C:\xampp\htdocs\bitirmeProjesi-Ci\system\CodeIgniter.php(318): CodeIgniter\CodeIgniter->handleRequest(NULL, Object(Config\Cache), false)
#4 C:\xampp\htdocs\bitirmeProjesi-Ci\index.php(37): CodeIgniter\CodeIgniter->run()
#5 {main}
CRITICAL - 2021-11-28 17:53:07 --> Array to string conversion
#0 C:\xampp\htdocs\bitirmeProjesi-Ci\app\Controllers\Backend\Home.php(15): CodeIgniter\Debug\Exceptions->errorHandler(8, 'Array to string...', 'C:\\xampp\\htdocs...', 15, Array)
#1 C:\xampp\htdocs\bitirmeProjesi-Ci\system\CodeIgniter.php(824): App\Controllers\Backend\Home->index()
#2 C:\xampp\htdocs\bitirmeProjesi-Ci\system\CodeIgniter.php(410): CodeIgniter\CodeIgniter->runController(Object(App\Controllers\Backend\Home))
#3 C:\xampp\htdocs\bitirmeProjesi-Ci\system\CodeIgniter.php(318): CodeIgniter\CodeIgniter->handleRequest(NULL, Object(Config\Cache), false)
#4 C:\xampp\htdocs\bitirmeProjesi-Ci\index.php(37): CodeIgniter\CodeIgniter->run()
#5 {main}
CRITICAL - 2021-11-28 17:53:26 --> Array to string conversion
#0 C:\xampp\htdocs\bitirmeProjesi-Ci\app\Controllers\Backend\Home.php(15): CodeIgniter\Debug\Exceptions->errorHandler(8, 'Array to string...', 'C:\\xampp\\htdocs...', 15, Array)
#1 C:\xampp\htdocs\bitirmeProjesi-Ci\system\CodeIgniter.php(824): App\Controllers\Backend\Home->index()
#2 C:\xampp\htdocs\bitirmeProjesi-Ci\system\CodeIgniter.php(410): CodeIgniter\CodeIgniter->runController(Object(App\Controllers\Backend\Home))
#3 C:\xampp\htdocs\bitirmeProjesi-Ci\system\CodeIgniter.php(318): CodeIgniter\CodeIgniter->handleRequest(NULL, Object(Config\Cache), false)
#4 C:\xampp\htdocs\bitirmeProjesi-Ci\index.php(37): CodeIgniter\CodeIgniter->run()
#5 {main}
CRITICAL - 2021-11-28 17:53:30 --> Array to string conversion
#0 C:\xampp\htdocs\bitirmeProjesi-Ci\app\Controllers\Backend\Home.php(15): CodeIgniter\Debug\Exceptions->errorHandler(8, 'Array to string...', 'C:\\xampp\\htdocs...', 15, Array)
#1 C:\xampp\htdocs\bitirmeProjesi-Ci\system\CodeIgniter.php(824): App\Controllers\Backend\Home->index()
#2 C:\xampp\htdocs\bitirmeProjesi-Ci\system\CodeIgniter.php(410): CodeIgniter\CodeIgniter->runController(Object(App\Controllers\Backend\Home))
#3 C:\xampp\htdocs\bitirmeProjesi-Ci\system\CodeIgniter.php(318): CodeIgniter\CodeIgniter->handleRequest(NULL, Object(Config\Cache), false)
#4 C:\xampp\htdocs\bitirmeProjesi-Ci\index.php(37): CodeIgniter\CodeIgniter->run()
#5 {main}
CRITICAL - 2021-11-28 17:53:32 --> Array to string conversion
#0 C:\xampp\htdocs\bitirmeProjesi-Ci\app\Controllers\Backend\Home.php(15): CodeIgniter\Debug\Exceptions->errorHandler(8, 'Array to string...', 'C:\\xampp\\htdocs...', 15, Array)
#1 C:\xampp\htdocs\bitirmeProjesi-Ci\system\CodeIgniter.php(824): App\Controllers\Backend\Home->index()
#2 C:\xampp\htdocs\bitirmeProjesi-Ci\system\CodeIgniter.php(410): CodeIgniter\CodeIgniter->runController(Object(App\Controllers\Backend\Home))
#3 C:\xampp\htdocs\bitirmeProjesi-Ci\system\CodeIgniter.php(318): CodeIgniter\CodeIgniter->handleRequest(NULL, Object(Config\Cache), false)
#4 C:\xampp\htdocs\bitirmeProjesi-Ci\index.php(37): CodeIgniter\CodeIgniter->run()
#5 {main}
CRITICAL - 2021-11-28 17:53:50 --> Trying to get property 'kullaniciAdi' of non-object
#0 C:\xampp\htdocs\bitirmeProjesi-Ci\app\Controllers\Backend\Home.php(15): CodeIgniter\Debug\Exceptions->errorHandler(8, 'Trying to get p...', 'C:\\xampp\\htdocs...', 15, Array)
#1 C:\xampp\htdocs\bitirmeProjesi-Ci\system\CodeIgniter.php(824): App\Controllers\Backend\Home->index()
#2 C:\xampp\htdocs\bitirmeProjesi-Ci\system\CodeIgniter.php(410): CodeIgniter\CodeIgniter->runController(Object(App\Controllers\Backend\Home))
#3 C:\xampp\htdocs\bitirmeProjesi-Ci\system\CodeIgniter.php(318): CodeIgniter\CodeIgniter->handleRequest(NULL, Object(Config\Cache), false)
#4 C:\xampp\htdocs\bitirmeProjesi-Ci\index.php(37): CodeIgniter\CodeIgniter->run()
#5 {main}
CRITICAL - 2021-11-28 17:54:34 --> Trying to get property 'kullaniciAdi' of non-object
#0 C:\xampp\htdocs\bitirmeProjesi-Ci\app\Controllers\Backend\Home.php(14): CodeIgniter\Debug\Exceptions->errorHandler(8, 'Trying to get p...', 'C:\\xampp\\htdocs...', 14, Array)
#1 C:\xampp\htdocs\bitirmeProjesi-Ci\system\CodeIgniter.php(824): App\Controllers\Backend\Home->index()
#2 C:\xampp\htdocs\bitirmeProjesi-Ci\system\CodeIgniter.php(410): CodeIgniter\CodeIgniter->runController(Object(App\Controllers\Backend\Home))
#3 C:\xampp\htdocs\bitirmeProjesi-Ci\system\CodeIgniter.php(318): CodeIgniter\CodeIgniter->handleRequest(NULL, Object(Config\Cache), false)
#4 C:\xampp\htdocs\bitirmeProjesi-Ci\index.php(37): CodeIgniter\CodeIgniter->run()
#5 {main}
CRITICAL - 2021-11-28 17:56:05 --> Trying to get property 'kullaniciAdi' of non-object
#0 C:\xampp\htdocs\bitirmeProjesi-Ci\app\Controllers\Backend\Home.php(14): CodeIgniter\Debug\Exceptions->errorHandler(8, 'Trying to get p...', 'C:\\xampp\\htdocs...', 14, Array)
#1 C:\xampp\htdocs\bitirmeProjesi-Ci\system\CodeIgniter.php(824): App\Controllers\Backend\Home->index()
#2 C:\xampp\htdocs\bitirmeProjesi-Ci\system\CodeIgniter.php(410): CodeIgniter\CodeIgniter->runController(Object(App\Controllers\Backend\Home))
#3 C:\xampp\htdocs\bitirmeProjesi-Ci\system\CodeIgniter.php(318): CodeIgniter\CodeIgniter->handleRequest(NULL, Object(Config\Cache), false)
#4 C:\xampp\htdocs\bitirmeProjesi-Ci\index.php(37): CodeIgniter\CodeIgniter->run()
#5 {main}
CRITICAL - 2021-11-28 17:56:10 --> syntax error, unexpected '->' (T_OBJECT_OPERATOR)
#0 C:\xampp\htdocs\bitirmeProjesi-Ci\system\Autoloader\Autoloader.php(241): CodeIgniter\Autoloader\Autoloader->includeFile('C:\\xampp\\htdocs...')
#1 C:\xampp\htdocs\bitirmeProjesi-Ci\system\Autoloader\Autoloader.php(219): CodeIgniter\Autoloader\Autoloader->loadInNamespace('App\\Controllers...')
#2 [internal function]: CodeIgniter\Autoloader\Autoloader->loadClass('App\\Controllers...')
#3 [internal function]: spl_autoload_call('App\\Controllers...')
#4 C:\xampp\htdocs\bitirmeProjesi-Ci\system\CodeIgniter.php(789): class_exists('\\App\\Controller...', true)
#5 C:\xampp\htdocs\bitirmeProjesi-Ci\system\CodeIgniter.php(397): CodeIgniter\CodeIgniter->startController()
#6 C:\xampp\htdocs\bitirmeProjesi-Ci\system\CodeIgniter.php(318): CodeIgniter\CodeIgniter->handleRequest(NULL, Object(Config\Cache), false)
#7 C:\xampp\htdocs\bitirmeProjesi-Ci\index.php(37): CodeIgniter\CodeIgniter->run()
#8 {main}
CRITICAL - 2021-11-28 17:56:16 --> syntax error, unexpected '->' (T_OBJECT_OPERATOR)
#0 C:\xampp\htdocs\bitirmeProjesi-Ci\system\Autoloader\Autoloader.php(241): CodeIgniter\Autoloader\Autoloader->includeFile('C:\\xampp\\htdocs...')
#1 C:\xampp\htdocs\bitirmeProjesi-Ci\system\Autoloader\Autoloader.php(219): CodeIgniter\Autoloader\Autoloader->loadInNamespace('App\\Controllers...')
#2 [internal function]: CodeIgniter\Autoloader\Autoloader->loadClass('App\\Controllers...')
#3 [internal function]: spl_autoload_call('App\\Controllers...')
#4 C:\xampp\htdocs\bitirmeProjesi-Ci\system\CodeIgniter.php(789): class_exists('\\App\\Controller...', true)
#5 C:\xampp\htdocs\bitirmeProjesi-Ci\system\CodeIgniter.php(397): CodeIgniter\CodeIgniter->startController()
#6 C:\xampp\htdocs\bitirmeProjesi-Ci\system\CodeIgniter.php(318): CodeIgniter\CodeIgniter->handleRequest(NULL, Object(Config\Cache), false)
#7 C:\xampp\htdocs\bitirmeProjesi-Ci\index.php(37): CodeIgniter\CodeIgniter->run()
#8 {main}
CRITICAL - 2021-11-28 17:56:19 --> syntax error, unexpected '->' (T_OBJECT_OPERATOR)
#0 C:\xampp\htdocs\bitirmeProjesi-Ci\system\Autoloader\Autoloader.php(241): CodeIgniter\Autoloader\Autoloader->includeFile('C:\\xampp\\htdocs...')
#1 C:\xampp\htdocs\bitirmeProjesi-Ci\system\Autoloader\Autoloader.php(219): CodeIgniter\Autoloader\Autoloader->loadInNamespace('App\\Controllers...')
#2 [internal function]: CodeIgniter\Autoloader\Autoloader->loadClass('App\\Controllers...')
#3 [internal function]: spl_autoload_call('App\\Controllers...')
#4 C:\xampp\htdocs\bitirmeProjesi-Ci\system\CodeIgniter.php(789): class_exists('\\App\\Controller...', true)
#5 C:\xampp\htdocs\bitirmeProjesi-Ci\system\CodeIgniter.php(397): CodeIgniter\CodeIgniter->startController()
#6 C:\xampp\htdocs\bitirmeProjesi-Ci\system\CodeIgniter.php(318): CodeIgniter\CodeIgniter->handleRequest(NULL, Object(Config\Cache), false)
#7 C:\xampp\htdocs\bitirmeProjesi-Ci\index.php(37): CodeIgniter\CodeIgniter->run()
#8 {main}
CRITICAL - 2021-11-28 17:57:01 --> syntax error, unexpected ';', expecting identifier (T_STRING) or variable (T_VARIABLE) or '{' or '$'
#0 C:\xampp\htdocs\bitirmeProjesi-Ci\system\Autoloader\Autoloader.php(241): CodeIgniter\Autoloader\Autoloader->includeFile('C:\\xampp\\htdocs...')
#1 C:\xampp\htdocs\bitirmeProjesi-Ci\system\Autoloader\Autoloader.php(219): CodeIgniter\Autoloader\Autoloader->loadInNamespace('App\\Controllers...')
#2 [internal function]: CodeIgniter\Autoloader\Autoloader->loadClass('App\\Controllers...')
#3 [internal function]: spl_autoload_call('App\\Controllers...')
#4 C:\xampp\htdocs\bitirmeProjesi-Ci\system\CodeIgniter.php(789): class_exists('\\App\\Controller...', true)
#5 C:\xampp\htdocs\bitirmeProjesi-Ci\system\CodeIgniter.php(397): CodeIgniter\CodeIgniter->startController()
#6 C:\xampp\htdocs\bitirmeProjesi-Ci\system\CodeIgniter.php(318): CodeIgniter\CodeIgniter->handleRequest(NULL, Object(Config\Cache), false)
#7 C:\xampp\htdocs\bitirmeProjesi-Ci\index.php(37): CodeIgniter\CodeIgniter->run()
#8 {main}
CRITICAL - 2021-11-28 17:57:05 --> syntax error, unexpected ';', expecting identifier (T_STRING) or variable (T_VARIABLE) or '{' or '$'
#0 C:\xampp\htdocs\bitirmeProjesi-Ci\system\Autoloader\Autoloader.php(241): CodeIgniter\Autoloader\Autoloader->includeFile('C:\\xampp\\htdocs...')
#1 C:\xampp\htdocs\bitirmeProjesi-Ci\system\Autoloader\Autoloader.php(219): CodeIgniter\Autoloader\Autoloader->loadInNamespace('App\\Controllers...')
#2 [internal function]: CodeIgniter\Autoloader\Autoloader->loadClass('App\\Controllers...')
#3 [internal function]: spl_autoload_call('App\\Controllers...')
#4 C:\xampp\htdocs\bitirmeProjesi-Ci\system\CodeIgniter.php(789): class_exists('\\App\\Controller...', true)
#5 C:\xampp\htdocs\bitirmeProjesi-Ci\system\CodeIgniter.php(397): CodeIgniter\CodeIgniter->startController()
#6 C:\xampp\htdocs\bitirmeProjesi-Ci\system\CodeIgniter.php(318): CodeIgniter\CodeIgniter->handleRequest(NULL, Object(Config\Cache), false)
#7 C:\xampp\htdocs\bitirmeProjesi-Ci\index.php(37): CodeIgniter\CodeIgniter->run()
#8 {main}
CRITICAL - 2021-11-28 17:57:06 --> syntax error, unexpected ';', expecting identifier (T_STRING) or variable (T_VARIABLE) or '{' or '$'
#0 C:\xampp\htdocs\bitirmeProjesi-Ci\system\Autoloader\Autoloader.php(241): CodeIgniter\Autoloader\Autoloader->includeFile('C:\\xampp\\htdocs...')
#1 C:\xampp\htdocs\bitirmeProjesi-Ci\system\Autoloader\Autoloader.php(219): CodeIgniter\Autoloader\Autoloader->loadInNamespace('App\\Controllers...')
#2 [internal function]: CodeIgniter\Autoloader\Autoloader->loadClass('App\\Controllers...')
#3 [internal function]: spl_autoload_call('App\\Controllers...')
#4 C:\xampp\htdocs\bitirmeProjesi-Ci\system\CodeIgniter.php(789): class_exists('\\App\\Controller...', true)
#5 C:\xampp\htdocs\bitirmeProjesi-Ci\system\CodeIgniter.php(397): CodeIgniter\CodeIgniter->startController()
#6 C:\xampp\htdocs\bitirmeProjesi-Ci\system\CodeIgniter.php(318): CodeIgniter\CodeIgniter->handleRequest(NULL, Object(Config\Cache), false)
#7 C:\xampp\htdocs\bitirmeProjesi-Ci\index.php(37): CodeIgniter\CodeIgniter->run()
#8 {main}
CRITICAL - 2021-11-28 17:57:48 --> Trying to get property 'userData' of non-object
#0 C:\xampp\htdocs\bitirmeProjesi-Ci\app\Controllers\Backend\Home.php(14): CodeIgniter\Debug\Exceptions->errorHandler(8, 'Trying to get p...', 'C:\\xampp\\htdocs...', 14, Array)
#1 C:\xampp\htdocs\bitirmeProjesi-Ci\system\CodeIgniter.php(824): App\Controllers\Backend\Home->index()
#2 C:\xampp\htdocs\bitirmeProjesi-Ci\system\CodeIgniter.php(410): CodeIgniter\CodeIgniter->runController(Object(App\Controllers\Backend\Home))
#3 C:\xampp\htdocs\bitirmeProjesi-Ci\system\CodeIgniter.php(318): CodeIgniter\CodeIgniter->handleRequest(NULL, Object(Config\Cache), false)
#4 C:\xampp\htdocs\bitirmeProjesi-Ci\index.php(37): CodeIgniter\CodeIgniter->run()
#5 {main}
CRITICAL - 2021-11-28 17:57:51 --> Trying to get property 'userData' of non-object
#0 C:\xampp\htdocs\bitirmeProjesi-Ci\app\Controllers\Backend\Home.php(14): CodeIgniter\Debug\Exceptions->errorHandler(8, 'Trying to get p...', 'C:\\xampp\\htdocs...', 14, Array)
#1 C:\xampp\htdocs\bitirmeProjesi-Ci\system\CodeIgniter.php(824): App\Controllers\Backend\Home->index()
#2 C:\xampp\htdocs\bitirmeProjesi-Ci\system\CodeIgniter.php(410): CodeIgniter\CodeIgniter->runController(Object(App\Controllers\Backend\Home))
#3 C:\xampp\htdocs\bitirmeProjesi-Ci\system\CodeIgniter.php(318): CodeIgniter\CodeIgniter->handleRequest(NULL, Object(Config\Cache), false)
#4 C:\xampp\htdocs\bitirmeProjesi-Ci\index.php(37): CodeIgniter\CodeIgniter->run()
#5 {main}
CRITICAL - 2021-11-28 17:58:02 --> Trying to get property 'id' of non-object
#0 C:\xampp\htdocs\bitirmeProjesi-Ci\app\Controllers\Backend\Home.php(14): CodeIgniter\Debug\Exceptions->errorHandler(8, 'Trying to get p...', 'C:\\xampp\\htdocs...', 14, Array)
#1 C:\xampp\htdocs\bitirmeProjesi-Ci\system\CodeIgniter.php(824): App\Controllers\Backend\Home->index()
#2 C:\xampp\htdocs\bitirmeProjesi-Ci\system\CodeIgniter.php(410): CodeIgniter\CodeIgniter->runController(Object(App\Controllers\Backend\Home))
#3 C:\xampp\htdocs\bitirmeProjesi-Ci\system\CodeIgniter.php(318): CodeIgniter\CodeIgniter->handleRequest(NULL, Object(Config\Cache), false)
#4 C:\xampp\htdocs\bitirmeProjesi-Ci\index.php(37): CodeIgniter\CodeIgniter->run()
#5 {main}
CRITICAL - 2021-11-28 17:58:08 --> Undefined variable: id
#0 C:\xampp\htdocs\bitirmeProjesi-Ci\app\Controllers\Backend\Home.php(14): CodeIgniter\Debug\Exceptions->errorHandler(8, 'Undefined varia...', 'C:\\xampp\\htdocs...', 14, Array)
#1 C:\xampp\htdocs\bitirmeProjesi-Ci\system\CodeIgniter.php(824): App\Controllers\Backend\Home->index()
#2 C:\xampp\htdocs\bitirmeProjesi-Ci\system\CodeIgniter.php(410): CodeIgniter\CodeIgniter->runController(Object(App\Controllers\Backend\Home))
#3 C:\xampp\htdocs\bitirmeProjesi-Ci\system\CodeIgniter.php(318): CodeIgniter\CodeIgniter->handleRequest(NULL, Object(Config\Cache), false)
#4 C:\xampp\htdocs\bitirmeProjesi-Ci\index.php(37): CodeIgniter\CodeIgniter->run()
#5 {main}
CRITICAL - 2021-11-28 18:05:51 --> Call to undefined method App\Controllers\Backend\Login::redirect()
#0 C:\xampp\htdocs\bitirmeProjesi-Ci\system\CodeIgniter.php(824): App\Controllers\Backend\Login->logout()
#1 C:\xampp\htdocs\bitirmeProjesi-Ci\system\CodeIgniter.php(410): CodeIgniter\CodeIgniter->runController(Object(App\Controllers\Backend\Login))
#2 C:\xampp\htdocs\bitirmeProjesi-Ci\system\CodeIgniter.php(318): CodeIgniter\CodeIgniter->handleRequest(NULL, Object(Config\Cache), false)
#3 C:\xampp\htdocs\bitirmeProjesi-Ci\index.php(37): CodeIgniter\CodeIgniter->run()
#4 {main}
CRITICAL - 2021-11-28 21:22:06 --> Undefined variable: db
#0 C:\xampp\htdocs\bitirmeProjesi-Ci\app\Views\Backend\DuyurularView.php(110): CodeIgniter\Debug\Exceptions->errorHandler(8, 'Undefined varia...', 'C:\\xampp\\htdocs...', 110, Array)
#1 C:\xampp\htdocs\bitirmeProjesi-Ci\system\View\View.php(214): include('C:\\xampp\\htdocs...')
#2 C:\xampp\htdocs\bitirmeProjesi-Ci\system\View\View.php(217): CodeIgniter\View\View->CodeIgniter\View\{closure}()
#3 C:\xampp\htdocs\bitirmeProjesi-Ci\system\Common.php(1097): CodeIgniter\View\View->render('Backend/Duyurul...', Array, true)
#4 C:\xampp\htdocs\bitirmeProjesi-Ci\app\Controllers\Backend\Duyurular.php(14): view('Backend/Duyurul...')
#5 C:\xampp\htdocs\bitirmeProjesi-Ci\system\CodeIgniter.php(824): App\Controllers\Backend\Duyurular->index()
#6 C:\xampp\htdocs\bitirmeProjesi-Ci\system\CodeIgniter.php(410): CodeIgniter\CodeIgniter->runController(Object(App\Controllers\Backend\Duyurular))
#7 C:\xampp\htdocs\bitirmeProjesi-Ci\system\CodeIgniter.php(318): CodeIgniter\CodeIgniter->handleRequest(NULL, Object(Config\Cache), false)
#8 C:\xampp\htdocs\bitirmeProjesi-Ci\index.php(37): CodeIgniter\CodeIgniter->run()
#9 {main}
CRITICAL - 2021-11-28 21:22:16 --> syntax error, unexpected '}', expecting end of file
#0 C:\xampp\htdocs\bitirmeProjesi-Ci\system\View\View.php(217): CodeIgniter\View\View->CodeIgniter\View\{closure}()
#1 C:\xampp\htdocs\bitirmeProjesi-Ci\system\Common.php(1097): CodeIgniter\View\View->render('Backend/Duyurul...', Array, true)
#2 C:\xampp\htdocs\bitirmeProjesi-Ci\app\Controllers\Backend\Duyurular.php(14): view('Backend/Duyurul...')
#3 C:\xampp\htdocs\bitirmeProjesi-Ci\system\CodeIgniter.php(824): App\Controllers\Backend\Duyurular->index()
#4 C:\xampp\htdocs\bitirmeProjesi-Ci\system\CodeIgniter.php(410): CodeIgniter\CodeIgniter->runController(Object(App\Controllers\Backend\Duyurular))
#5 C:\xampp\htdocs\bitirmeProjesi-Ci\system\CodeIgniter.php(318): CodeIgniter\CodeIgniter->handleRequest(NULL, Object(Config\Cache), false)
#6 C:\xampp\htdocs\bitirmeProjesi-Ci\index.php(37): CodeIgniter\CodeIgniter->run()
#7 {main}
CRITICAL - 2021-11-28 21:22:21 --> Undefined variable: row
#0 C:\xampp\htdocs\bitirmeProjesi-Ci\app\Views\Backend\DuyurularView.php(111): CodeIgniter\Debug\Exceptions->errorHandler(8, 'Undefined varia...', 'C:\\xampp\\htdocs...', 111, Array)
#1 C:\xampp\htdocs\bitirmeProjesi-Ci\system\View\View.php(214): include('C:\\xampp\\htdocs...')
#2 C:\xampp\htdocs\bitirmeProjesi-Ci\system\View\View.php(217): CodeIgniter\View\View->CodeIgniter\View\{closure}()
#3 C:\xampp\htdocs\bitirmeProjesi-Ci\system\Common.php(1097): CodeIgniter\View\View->render('Backend/Duyurul...', Array, true)
#4 C:\xampp\htdocs\bitirmeProjesi-Ci\app\Controllers\Backend\Duyurular.php(14): view('Backend/Duyurul...')
#5 C:\xampp\htdocs\bitirmeProjesi-Ci\system\CodeIgniter.php(824): App\Controllers\Backend\Duyurular->index()
#6 C:\xampp\htdocs\bitirmeProjesi-Ci\system\CodeIgniter.php(410): CodeIgniter\CodeIgniter->runController(Object(App\Controllers\Backend\Duyurular))
#7 C:\xampp\htdocs\bitirmeProjesi-Ci\system\CodeIgniter.php(318): CodeIgniter\CodeIgniter->handleRequest(NULL, Object(Config\Cache), false)
#8 C:\xampp\htdocs\bitirmeProjesi-Ci\index.php(37): CodeIgniter\CodeIgniter->run()
#9 {main}
CRITICAL - 2021-11-28 21:23:06 --> Array to string conversion
#0 C:\xampp\htdocs\bitirmeProjesi-Ci\app\Views\Backend\DuyurularView.php(67): CodeIgniter\Debug\Exceptions->errorHandler(8, 'Array to string...', 'C:\\xampp\\htdocs...', 67, Array)
#1 C:\xampp\htdocs\bitirmeProjesi-Ci\system\View\View.php(214): include('C:\\xampp\\htdocs...')
#2 C:\xampp\htdocs\bitirmeProjesi-Ci\system\View\View.php(217): CodeIgniter\View\View->CodeIgniter\View\{closure}()
#3 C:\xampp\htdocs\bitirmeProjesi-Ci\system\Common.php(1097): CodeIgniter\View\View->render('Backend/Duyurul...', Array, true)
#4 C:\xampp\htdocs\bitirmeProjesi-Ci\app\Controllers\Backend\Duyurular.php(14): view('Backend/Duyurul...')
#5 C:\xampp\htdocs\bitirmeProjesi-Ci\system\CodeIgniter.php(824): App\Controllers\Backend\Duyurular->index()
#6 C:\xampp\htdocs\bitirmeProjesi-Ci\system\CodeIgniter.php(410): CodeIgniter\CodeIgniter->runController(Object(App\Controllers\Backend\Duyurular))
#7 C:\xampp\htdocs\bitirmeProjesi-Ci\system\CodeIgniter.php(318): CodeIgniter\CodeIgniter->handleRequest(NULL, Object(Config\Cache), false)
#8 C:\xampp\htdocs\bitirmeProjesi-Ci\index.php(37): CodeIgniter\CodeIgniter->run()
#9 {main}
