CRITICAL - 2021-12-17 00:58:21 --> Invalid file: Frontend/HomeView.php
#0 D:\Program Files\XAMPP\htdocs\bitirmeProjesi\system\View\View.php(198): CodeIgniter\Exceptions\FrameworkException::forInvalidFile('Frontend/HomeVi...')
#1 D:\Program Files\XAMPP\htdocs\bitirmeProjesi\system\Common.php(1097): CodeIgniter\View\View->render('Frontend/HomeVi...', Array, true)
#2 D:\Program Files\XAMPP\htdocs\bitirmeProjesi\app\Controllers\Frontend\Home.php(32): view('Frontend/HomeVi...', Array)
#3 D:\Program Files\XAMPP\htdocs\bitirmeProjesi\system\CodeIgniter.php(824): App\Controllers\Frontend\Home->index('tr')
#4 D:\Program Files\XAMPP\htdocs\bitirmeProjesi\system\CodeIgniter.php(410): CodeIgniter\CodeIgniter->runController(Object(App\Controllers\Frontend\Home))
#5 D:\Program Files\XAMPP\htdocs\bitirmeProjesi\system\CodeIgniter.php(318): CodeIgniter\CodeIgniter->handleRequest(NULL, Object(Config\Cache), false)
#6 D:\Program Files\XAMPP\htdocs\bitirmeProjesi\index.php(37): CodeIgniter\CodeIgniter->run()
#7 {main}
CRITICAL - 2021-12-17 01:31:54 --> Invalid file: Frontend/HomeView.php
#0 D:\Program Files\XAMPP\htdocs\bitirmeProjesi\system\View\View.php(198): CodeIgniter\Exceptions\FrameworkException::forInvalidFile('Frontend/HomeVi...')
#1 D:\Program Files\XAMPP\htdocs\bitirmeProjesi\system\Common.php(1097): CodeIgniter\View\View->render('Frontend/HomeVi...', Array, true)
#2 D:\Program Files\XAMPP\htdocs\bitirmeProjesi\app\Controllers\Frontend\Home.php(32): view('Frontend/HomeVi...', Array)
#3 D:\Program Files\XAMPP\htdocs\bitirmeProjesi\system\CodeIgniter.php(824): App\Controllers\Frontend\Home->index('tr')
#4 D:\Program Files\XAMPP\htdocs\bitirmeProjesi\system\CodeIgniter.php(410): CodeIgniter\CodeIgniter->runController(Object(App\Controllers\Frontend\Home))
#5 D:\Program Files\XAMPP\htdocs\bitirmeProjesi\system\CodeIgniter.php(318): CodeIgniter\CodeIgniter->handleRequest(NULL, Object(Config\Cache), false)
#6 D:\Program Files\XAMPP\htdocs\bitirmeProjesi\index.php(37): CodeIgniter\CodeIgniter->run()
#7 {main}
CRITICAL - 2021-12-17 01:49:10 --> Invalid file: Frontend/HomeView.php
#0 D:\Program Files\XAMPP\htdocs\bitirmeProjesi\system\View\View.php(198): CodeIgniter\Exceptions\FrameworkException::forInvalidFile('Frontend/HomeVi...')
#1 D:\Program Files\XAMPP\htdocs\bitirmeProjesi\system\Common.php(1097): CodeIgniter\View\View->render('Frontend/HomeVi...', Array, true)
#2 D:\Program Files\XAMPP\htdocs\bitirmeProjesi\app\Controllers\Frontend\Home.php(32): view('Frontend/HomeVi...', Array)
#3 D:\Program Files\XAMPP\htdocs\bitirmeProjesi\system\CodeIgniter.php(824): App\Controllers\Frontend\Home->index('tr')
#4 D:\Program Files\XAMPP\htdocs\bitirmeProjesi\system\CodeIgniter.php(410): CodeIgniter\CodeIgniter->runController(Object(App\Controllers\Frontend\Home))
#5 D:\Program Files\XAMPP\htdocs\bitirmeProjesi\system\CodeIgniter.php(318): CodeIgniter\CodeIgniter->handleRequest(NULL, Object(Config\Cache), false)
#6 D:\Program Files\XAMPP\htdocs\bitirmeProjesi\index.php(37): CodeIgniter\CodeIgniter->run()
#7 {main}
CRITICAL - 2021-12-17 01:49:12 --> Invalid file: Frontend/HomeView.php
#0 D:\Program Files\XAMPP\htdocs\bitirmeProjesi\system\View\View.php(198): CodeIgniter\Exceptions\FrameworkException::forInvalidFile('Frontend/HomeVi...')
#1 D:\Program Files\XAMPP\htdocs\bitirmeProjesi\system\Common.php(1097): CodeIgniter\View\View->render('Frontend/HomeVi...', Array, true)
#2 D:\Program Files\XAMPP\htdocs\bitirmeProjesi\app\Controllers\Frontend\Home.php(32): view('Frontend/HomeVi...', Array)
#3 D:\Program Files\XAMPP\htdocs\bitirmeProjesi\system\CodeIgniter.php(824): App\Controllers\Frontend\Home->index('tr')
#4 D:\Program Files\XAMPP\htdocs\bitirmeProjesi\system\CodeIgniter.php(410): CodeIgniter\CodeIgniter->runController(Object(App\Controllers\Frontend\Home))
#5 D:\Program Files\XAMPP\htdocs\bitirmeProjesi\system\CodeIgniter.php(318): CodeIgniter\CodeIgniter->handleRequest(NULL, Object(Config\Cache), false)
#6 D:\Program Files\XAMPP\htdocs\bitirmeProjesi\index.php(37): CodeIgniter\CodeIgniter->run()
#7 {main}
CRITICAL - 2021-12-17 01:49:29 --> Invalid file: Frontend/HomeView.php
#0 D:\Program Files\XAMPP\htdocs\bitirmeProjesi\system\View\View.php(198): CodeIgniter\Exceptions\FrameworkException::forInvalidFile('Frontend/HomeVi...')
#1 D:\Program Files\XAMPP\htdocs\bitirmeProjesi\system\Common.php(1097): CodeIgniter\View\View->render('Frontend/HomeVi...', Array, true)
#2 D:\Program Files\XAMPP\htdocs\bitirmeProjesi\app\Controllers\Frontend\Home.php(32): view('Frontend/HomeVi...', Array)
#3 D:\Program Files\XAMPP\htdocs\bitirmeProjesi\system\CodeIgniter.php(824): App\Controllers\Frontend\Home->index('tr')
#4 D:\Program Files\XAMPP\htdocs\bitirmeProjesi\system\CodeIgniter.php(410): CodeIgniter\CodeIgniter->runController(Object(App\Controllers\Frontend\Home))
#5 D:\Program Files\XAMPP\htdocs\bitirmeProjesi\system\CodeIgniter.php(318): CodeIgniter\CodeIgniter->handleRequest(NULL, Object(Config\Cache), false)
#6 D:\Program Files\XAMPP\htdocs\bitirmeProjesi\index.php(37): CodeIgniter\CodeIgniter->run()
#7 {main}
CRITICAL - 2021-12-17 02:35:16 --> Invalid file: Frontend/UrunlerView.php
#0 D:\Program Files\XAMPP\htdocs\bitirmeProjesi\system\View\View.php(198): CodeIgniter\Exceptions\FrameworkException::forInvalidFile('Frontend/Urunle...')
#1 D:\Program Files\XAMPP\htdocs\bitirmeProjesi\system\Common.php(1097): CodeIgniter\View\View->render('Frontend/Urunle...', Array, true)
#2 D:\Program Files\XAMPP\htdocs\bitirmeProjesi\app\Controllers\Frontend\Home.php(89): view('Frontend/Urunle...', Array)
#3 D:\Program Files\XAMPP\htdocs\bitirmeProjesi\system\CodeIgniter.php(824): App\Controllers\Frontend\Home->products('tr')
#4 D:\Program Files\XAMPP\htdocs\bitirmeProjesi\system\CodeIgniter.php(410): CodeIgniter\CodeIgniter->runController(Object(App\Controllers\Frontend\Home))
#5 D:\Program Files\XAMPP\htdocs\bitirmeProjesi\system\CodeIgniter.php(318): CodeIgniter\CodeIgniter->handleRequest(NULL, Object(Config\Cache), false)
#6 D:\Program Files\XAMPP\htdocs\bitirmeProjesi\index.php(37): CodeIgniter\CodeIgniter->run()
#7 {main}
CRITICAL - 2021-12-17 03:11:43 --> CodeIgniter\Router\RouteCollection::match(): Argument #1 ($verbs) must be of type array, string given, called in D:\Program Files\XAMPP\htdocs\bitirmeProjesi\app\Config\Routes.php on line 107
#0 D:\Program Files\XAMPP\htdocs\bitirmeProjesi\app\Config\Routes.php(107): CodeIgniter\Router\RouteCollection->match('(en|tr)/contact', 'App\\Controllers...')
#1 D:\Program Files\XAMPP\htdocs\bitirmeProjesi\system\CodeIgniter.php(705): require('D:\\Program File...')
#2 D:\Program Files\XAMPP\htdocs\bitirmeProjesi\system\CodeIgniter.php(359): CodeIgniter\CodeIgniter->tryToRouteIt(Object(CodeIgniter\Router\RouteCollection))
#3 D:\Program Files\XAMPP\htdocs\bitirmeProjesi\system\CodeIgniter.php(318): CodeIgniter\CodeIgniter->handleRequest(NULL, Object(Config\Cache), false)
#4 D:\Program Files\XAMPP\htdocs\bitirmeProjesi\index.php(37): CodeIgniter\CodeIgniter->run()
#5 {main}
CRITICAL - 2021-12-17 03:23:02 --> Undefined array key 0
#0 D:\Program Files\XAMPP\htdocs\bitirmeProjesi\system\Router\RouteCollection.php(1091): CodeIgniter\Debug\Exceptions->errorHandler(2, 'Undefined array...', 'D:\\Program File...', 1091)
#1 D:\Program Files\XAMPP\htdocs\bitirmeProjesi\system\Router\RouteCollection.php(971): CodeIgniter\Router\RouteCollection->fillRouteParams('(en|tr)/contact', Array)
#2 D:\Program Files\XAMPP\htdocs\bitirmeProjesi\system\Common.php(890): CodeIgniter\Router\RouteCollection->reverseRoute('frontend_contac...')
#3 D:\Program Files\XAMPP\htdocs\bitirmeProjesi\app\Views\Frontend\ContactView.php(23): route_to('frontend_contac...')
#4 D:\Program Files\XAMPP\htdocs\bitirmeProjesi\system\View\View.php(214): include('D:\\Program File...')
#5 D:\Program Files\XAMPP\htdocs\bitirmeProjesi\system\View\View.php(217): CodeIgniter\View\View->CodeIgniter\View\{closure}()
#6 D:\Program Files\XAMPP\htdocs\bitirmeProjesi\system\Common.php(1097): CodeIgniter\View\View->render('Frontend/Contac...', Array, true)
#7 D:\Program Files\XAMPP\htdocs\bitirmeProjesi\app\Controllers\Frontend\Home.php(138): view('Frontend/Contac...', Array)
#8 D:\Program Files\XAMPP\htdocs\bitirmeProjesi\system\CodeIgniter.php(824): App\Controllers\Frontend\Home->contact('tr')
#9 D:\Program Files\XAMPP\htdocs\bitirmeProjesi\system\CodeIgniter.php(410): CodeIgniter\CodeIgniter->runController(Object(App\Controllers\Frontend\Home))
#10 D:\Program Files\XAMPP\htdocs\bitirmeProjesi\system\CodeIgniter.php(318): CodeIgniter\CodeIgniter->handleRequest(NULL, Object(Config\Cache), false)
#11 D:\Program Files\XAMPP\htdocs\bitirmeProjesi\index.php(37): CodeIgniter\CodeIgniter->run()
#12 {main}
CRITICAL - 2021-12-17 03:24:19 --> Undefined array key 0
#0 D:\Program Files\XAMPP\htdocs\bitirmeProjesi\system\Router\RouteCollection.php(1091): CodeIgniter\Debug\Exceptions->errorHandler(2, 'Undefined array...', 'D:\\Program File...', 1091)
#1 D:\Program Files\XAMPP\htdocs\bitirmeProjesi\system\Router\RouteCollection.php(971): CodeIgniter\Router\RouteCollection->fillRouteParams('(en|tr)/contact', Array)
#2 D:\Program Files\XAMPP\htdocs\bitirmeProjesi\system\Common.php(890): CodeIgniter\Router\RouteCollection->reverseRoute('frontend_contac...')
#3 D:\Program Files\XAMPP\htdocs\bitirmeProjesi\app\Views\Frontend\ContactView.php(23): route_to('frontend_contac...')
#4 D:\Program Files\XAMPP\htdocs\bitirmeProjesi\system\View\View.php(214): include('D:\\Program File...')
#5 D:\Program Files\XAMPP\htdocs\bitirmeProjesi\system\View\View.php(217): CodeIgniter\View\View->CodeIgniter\View\{closure}()
#6 D:\Program Files\XAMPP\htdocs\bitirmeProjesi\system\Common.php(1097): CodeIgniter\View\View->render('Frontend/Contac...', Array, true)
#7 D:\Program Files\XAMPP\htdocs\bitirmeProjesi\app\Controllers\Frontend\Home.php(138): view('Frontend/Contac...', Array)
#8 D:\Program Files\XAMPP\htdocs\bitirmeProjesi\system\CodeIgniter.php(824): App\Controllers\Frontend\Home->contact('tr')
#9 D:\Program Files\XAMPP\htdocs\bitirmeProjesi\system\CodeIgniter.php(410): CodeIgniter\CodeIgniter->runController(Object(App\Controllers\Frontend\Home))
#10 D:\Program Files\XAMPP\htdocs\bitirmeProjesi\system\CodeIgniter.php(318): CodeIgniter\CodeIgniter->handleRequest(NULL, Object(Config\Cache), false)
#11 D:\Program Files\XAMPP\htdocs\bitirmeProjesi\index.php(37): CodeIgniter\CodeIgniter->run()
#12 {main}
CRITICAL - 2021-12-17 03:25:14 --> Call to undefined method CodeIgniter\Router\RouteCollection::frontend_contact()
#0 D:\Program Files\XAMPP\htdocs\bitirmeProjesi\app\Config\Routes.php(107): CodeIgniter\Router\RouteCollection->match(Array, '(en|tr)/contact', 'App\\Controllers...')
#1 D:\Program Files\XAMPP\htdocs\bitirmeProjesi\system\CodeIgniter.php(705): require('D:\\Program File...')
#2 D:\Program Files\XAMPP\htdocs\bitirmeProjesi\system\CodeIgniter.php(359): CodeIgniter\CodeIgniter->tryToRouteIt(Object(CodeIgniter\Router\RouteCollection))
#3 D:\Program Files\XAMPP\htdocs\bitirmeProjesi\system\CodeIgniter.php(318): CodeIgniter\CodeIgniter->handleRequest(NULL, Object(Config\Cache), false)
#4 D:\Program Files\XAMPP\htdocs\bitirmeProjesi\index.php(37): CodeIgniter\CodeIgniter->run()
#5 {main}
CRITICAL - 2021-12-17 03:25:15 --> Call to undefined method CodeIgniter\Router\RouteCollection::frontend_contact()
#0 D:\Program Files\XAMPP\htdocs\bitirmeProjesi\app\Config\Routes.php(107): CodeIgniter\Router\RouteCollection->match(Array, '(en|tr)/contact', 'App\\Controllers...')
#1 D:\Program Files\XAMPP\htdocs\bitirmeProjesi\system\CodeIgniter.php(705): require('D:\\Program File...')
#2 D:\Program Files\XAMPP\htdocs\bitirmeProjesi\system\CodeIgniter.php(359): CodeIgniter\CodeIgniter->tryToRouteIt(Object(CodeIgniter\Router\RouteCollection))
#3 D:\Program Files\XAMPP\htdocs\bitirmeProjesi\system\CodeIgniter.php(318): CodeIgniter\CodeIgniter->handleRequest(NULL, Object(Config\Cache), false)
#4 D:\Program Files\XAMPP\htdocs\bitirmeProjesi\index.php(37): CodeIgniter\CodeIgniter->run()
#5 {main}
CRITICAL - 2021-12-17 03:26:00 --> Undefined array key 0
#0 D:\Program Files\XAMPP\htdocs\bitirmeProjesi\system\Router\RouteCollection.php(1091): CodeIgniter\Debug\Exceptions->errorHandler(2, 'Undefined array...', 'D:\\Program File...', 1091)
#1 D:\Program Files\XAMPP\htdocs\bitirmeProjesi\system\Router\RouteCollection.php(971): CodeIgniter\Router\RouteCollection->fillRouteParams('(en|tr)/contact', Array)
#2 D:\Program Files\XAMPP\htdocs\bitirmeProjesi\system\Common.php(890): CodeIgniter\Router\RouteCollection->reverseRoute('asdf')
#3 D:\Program Files\XAMPP\htdocs\bitirmeProjesi\app\Views\Frontend\ContactView.php(23): route_to('asdf')
#4 D:\Program Files\XAMPP\htdocs\bitirmeProjesi\system\View\View.php(214): include('D:\\Program File...')
#5 D:\Program Files\XAMPP\htdocs\bitirmeProjesi\system\View\View.php(217): CodeIgniter\View\View->CodeIgniter\View\{closure}()
#6 D:\Program Files\XAMPP\htdocs\bitirmeProjesi\system\Common.php(1097): CodeIgniter\View\View->render('Frontend/Contac...', Array, true)
#7 D:\Program Files\XAMPP\htdocs\bitirmeProjesi\app\Controllers\Frontend\Home.php(138): view('Frontend/Contac...', Array)
#8 D:\Program Files\XAMPP\htdocs\bitirmeProjesi\system\CodeIgniter.php(824): App\Controllers\Frontend\Home->contact('tr')
#9 D:\Program Files\XAMPP\htdocs\bitirmeProjesi\system\CodeIgniter.php(410): CodeIgniter\CodeIgniter->runController(Object(App\Controllers\Frontend\Home))
#10 D:\Program Files\XAMPP\htdocs\bitirmeProjesi\system\CodeIgniter.php(318): CodeIgniter\CodeIgniter->handleRequest(NULL, Object(Config\Cache), false)
#11 D:\Program Files\XAMPP\htdocs\bitirmeProjesi\index.php(37): CodeIgniter\CodeIgniter->run()
#12 {main}
CRITICAL - 2021-12-17 03:26:01 --> Undefined array key 0
#0 D:\Program Files\XAMPP\htdocs\bitirmeProjesi\system\Router\RouteCollection.php(1091): CodeIgniter\Debug\Exceptions->errorHandler(2, 'Undefined array...', 'D:\\Program File...', 1091)
#1 D:\Program Files\XAMPP\htdocs\bitirmeProjesi\system\Router\RouteCollection.php(971): CodeIgniter\Router\RouteCollection->fillRouteParams('(en|tr)/contact', Array)
#2 D:\Program Files\XAMPP\htdocs\bitirmeProjesi\system\Common.php(890): CodeIgniter\Router\RouteCollection->reverseRoute('asdf')
#3 D:\Program Files\XAMPP\htdocs\bitirmeProjesi\app\Views\Frontend\ContactView.php(23): route_to('asdf')
#4 D:\Program Files\XAMPP\htdocs\bitirmeProjesi\system\View\View.php(214): include('D:\\Program File...')
#5 D:\Program Files\XAMPP\htdocs\bitirmeProjesi\system\View\View.php(217): CodeIgniter\View\View->CodeIgniter\View\{closure}()
#6 D:\Program Files\XAMPP\htdocs\bitirmeProjesi\system\Common.php(1097): CodeIgniter\View\View->render('Frontend/Contac...', Array, true)
#7 D:\Program Files\XAMPP\htdocs\bitirmeProjesi\app\Controllers\Frontend\Home.php(138): view('Frontend/Contac...', Array)
#8 D:\Program Files\XAMPP\htdocs\bitirmeProjesi\system\CodeIgniter.php(824): App\Controllers\Frontend\Home->contact('tr')
#9 D:\Program Files\XAMPP\htdocs\bitirmeProjesi\system\CodeIgniter.php(410): CodeIgniter\CodeIgniter->runController(Object(App\Controllers\Frontend\Home))
#10 D:\Program Files\XAMPP\htdocs\bitirmeProjesi\system\CodeIgniter.php(318): CodeIgniter\CodeIgniter->handleRequest(NULL, Object(Config\Cache), false)
#11 D:\Program Files\XAMPP\htdocs\bitirmeProjesi\index.php(37): CodeIgniter\CodeIgniter->run()
#12 {main}
CRITICAL - 2021-12-17 03:26:01 --> Undefined array key 0
#0 D:\Program Files\XAMPP\htdocs\bitirmeProjesi\system\Router\RouteCollection.php(1091): CodeIgniter\Debug\Exceptions->errorHandler(2, 'Undefined array...', 'D:\\Program File...', 1091)
#1 D:\Program Files\XAMPP\htdocs\bitirmeProjesi\system\Router\RouteCollection.php(971): CodeIgniter\Router\RouteCollection->fillRouteParams('(en|tr)/contact', Array)
#2 D:\Program Files\XAMPP\htdocs\bitirmeProjesi\system\Common.php(890): CodeIgniter\Router\RouteCollection->reverseRoute('asdf')
#3 D:\Program Files\XAMPP\htdocs\bitirmeProjesi\app\Views\Frontend\ContactView.php(23): route_to('asdf')
#4 D:\Program Files\XAMPP\htdocs\bitirmeProjesi\system\View\View.php(214): include('D:\\Program File...')
#5 D:\Program Files\XAMPP\htdocs\bitirmeProjesi\system\View\View.php(217): CodeIgniter\View\View->CodeIgniter\View\{closure}()
#6 D:\Program Files\XAMPP\htdocs\bitirmeProjesi\system\Common.php(1097): CodeIgniter\View\View->render('Frontend/Contac...', Array, true)
#7 D:\Program Files\XAMPP\htdocs\bitirmeProjesi\app\Controllers\Frontend\Home.php(138): view('Frontend/Contac...', Array)
#8 D:\Program Files\XAMPP\htdocs\bitirmeProjesi\system\CodeIgniter.php(824): App\Controllers\Frontend\Home->contact('tr')
#9 D:\Program Files\XAMPP\htdocs\bitirmeProjesi\system\CodeIgniter.php(410): CodeIgniter\CodeIgniter->runController(Object(App\Controllers\Frontend\Home))
#10 D:\Program Files\XAMPP\htdocs\bitirmeProjesi\system\CodeIgniter.php(318): CodeIgniter\CodeIgniter->handleRequest(NULL, Object(Config\Cache), false)
#11 D:\Program Files\XAMPP\htdocs\bitirmeProjesi\index.php(37): CodeIgniter\CodeIgniter->run()
#12 {main}
CRITICAL - 2021-12-17 03:41:37 --> Undefined array key 0
#0 D:\Program Files\XAMPP\htdocs\bitirmeProjesi\system\Router\RouteCollection.php(1091): CodeIgniter\Debug\Exceptions->errorHandler(2, 'Undefined array...', 'D:\\Program File...', 1091)
#1 D:\Program Files\XAMPP\htdocs\bitirmeProjesi\system\Router\RouteCollection.php(971): CodeIgniter\Router\RouteCollection->fillRouteParams('(en|tr)/contact', Array)
#2 D:\Program Files\XAMPP\htdocs\bitirmeProjesi\system\Common.php(890): CodeIgniter\Router\RouteCollection->reverseRoute('frontend_contac...')
#3 D:\Program Files\XAMPP\htdocs\bitirmeProjesi\app\Views\Frontend\ContactView.php(25): route_to('frontend_contac...')
#4 D:\Program Files\XAMPP\htdocs\bitirmeProjesi\system\View\View.php(214): include('D:\\Program File...')
#5 D:\Program Files\XAMPP\htdocs\bitirmeProjesi\system\View\View.php(217): CodeIgniter\View\View->CodeIgniter\View\{closure}()
#6 D:\Program Files\XAMPP\htdocs\bitirmeProjesi\system\Common.php(1097): CodeIgniter\View\View->render('Frontend/Contac...', Array, true)
#7 D:\Program Files\XAMPP\htdocs\bitirmeProjesi\app\Controllers\Frontend\Home.php(138): view('Frontend/Contac...', Array)
#8 D:\Program Files\XAMPP\htdocs\bitirmeProjesi\system\CodeIgniter.php(824): App\Controllers\Frontend\Home->contact('tr')
#9 D:\Program Files\XAMPP\htdocs\bitirmeProjesi\system\CodeIgniter.php(410): CodeIgniter\CodeIgniter->runController(Object(App\Controllers\Frontend\Home))
#10 D:\Program Files\XAMPP\htdocs\bitirmeProjesi\system\CodeIgniter.php(318): CodeIgniter\CodeIgniter->handleRequest(NULL, Object(Config\Cache), false)
#11 D:\Program Files\XAMPP\htdocs\bitirmeProjesi\index.php(37): CodeIgniter\CodeIgniter->run()
#12 {main}
CRITICAL - 2021-12-17 03:49:11 --> Undefined array key 0
#0 D:\Program Files\XAMPP\htdocs\bitirmeProjesi\system\Router\RouteCollection.php(1091): CodeIgniter\Debug\Exceptions->errorHandler(2, 'Undefined array...', 'D:\\Program File...', 1091)
#1 D:\Program Files\XAMPP\htdocs\bitirmeProjesi\system\Router\RouteCollection.php(971): CodeIgniter\Router\RouteCollection->fillRouteParams('(en|tr)/contact', Array)
#2 D:\Program Files\XAMPP\htdocs\bitirmeProjesi\system\Common.php(890): CodeIgniter\Router\RouteCollection->reverseRoute('frontend_contac...')
#3 D:\Program Files\XAMPP\htdocs\bitirmeProjesi\app\Views\Frontend\ContactView.php(25): route_to('frontend_contac...')
#4 D:\Program Files\XAMPP\htdocs\bitirmeProjesi\system\View\View.php(214): include('D:\\Program File...')
#5 D:\Program Files\XAMPP\htdocs\bitirmeProjesi\system\View\View.php(217): CodeIgniter\View\View->CodeIgniter\View\{closure}()
#6 D:\Program Files\XAMPP\htdocs\bitirmeProjesi\system\Common.php(1097): CodeIgniter\View\View->render('Frontend/Contac...', Array, true)
#7 D:\Program Files\XAMPP\htdocs\bitirmeProjesi\app\Controllers\Frontend\Home.php(139): view('Frontend/Contac...', Array)
#8 D:\Program Files\XAMPP\htdocs\bitirmeProjesi\system\CodeIgniter.php(824): App\Controllers\Frontend\Home->contact('tr')
#9 D:\Program Files\XAMPP\htdocs\bitirmeProjesi\system\CodeIgniter.php(410): CodeIgniter\CodeIgniter->runController(Object(App\Controllers\Frontend\Home))
#10 D:\Program Files\XAMPP\htdocs\bitirmeProjesi\system\CodeIgniter.php(318): CodeIgniter\CodeIgniter->handleRequest(NULL, Object(Config\Cache), false)
#11 D:\Program Files\XAMPP\htdocs\bitirmeProjesi\index.php(37): CodeIgniter\CodeIgniter->run()
#12 {main}
CRITICAL - 2021-12-17 03:50:38 --> Undefined array key 0
#0 D:\Program Files\XAMPP\htdocs\bitirmeProjesi\system\Router\RouteCollection.php(1091): CodeIgniter\Debug\Exceptions->errorHandler(2, 'Undefined array...', 'D:\\Program File...', 1091)
#1 D:\Program Files\XAMPP\htdocs\bitirmeProjesi\system\Router\RouteCollection.php(971): CodeIgniter\Router\RouteCollection->fillRouteParams('(en|tr)/contact', Array)
#2 D:\Program Files\XAMPP\htdocs\bitirmeProjesi\system\Common.php(890): CodeIgniter\Router\RouteCollection->reverseRoute('frontend_contac...')
#3 D:\Program Files\XAMPP\htdocs\bitirmeProjesi\app\Views\Frontend\ContactView.php(25): route_to('frontend_contac...')
#4 D:\Program Files\XAMPP\htdocs\bitirmeProjesi\system\View\View.php(214): include('D:\\Program File...')
#5 D:\Program Files\XAMPP\htdocs\bitirmeProjesi\system\View\View.php(217): CodeIgniter\View\View->CodeIgniter\View\{closure}()
#6 D:\Program Files\XAMPP\htdocs\bitirmeProjesi\system\Common.php(1097): CodeIgniter\View\View->render('Frontend/Contac...', Array, true)
#7 D:\Program Files\XAMPP\htdocs\bitirmeProjesi\app\Controllers\Frontend\Home.php(139): view('Frontend/Contac...', Array)
#8 D:\Program Files\XAMPP\htdocs\bitirmeProjesi\system\CodeIgniter.php(824): App\Controllers\Frontend\Home->contact('tr')
#9 D:\Program Files\XAMPP\htdocs\bitirmeProjesi\system\CodeIgniter.php(410): CodeIgniter\CodeIgniter->runController(Object(App\Controllers\Frontend\Home))
#10 D:\Program Files\XAMPP\htdocs\bitirmeProjesi\system\CodeIgniter.php(318): CodeIgniter\CodeIgniter->handleRequest(NULL, Object(Config\Cache), false)
#11 D:\Program Files\XAMPP\htdocs\bitirmeProjesi\index.php(37): CodeIgniter\CodeIgniter->run()
#12 {main}
CRITICAL - 2021-12-17 03:50:43 --> Undefined array key 0
#0 D:\Program Files\XAMPP\htdocs\bitirmeProjesi\system\Router\RouteCollection.php(1091): CodeIgniter\Debug\Exceptions->errorHandler(2, 'Undefined array...', 'D:\\Program File...', 1091)
#1 D:\Program Files\XAMPP\htdocs\bitirmeProjesi\system\Router\RouteCollection.php(971): CodeIgniter\Router\RouteCollection->fillRouteParams('(en|tr)/contact', Array)
#2 D:\Program Files\XAMPP\htdocs\bitirmeProjesi\system\Common.php(890): CodeIgniter\Router\RouteCollection->reverseRoute('frontend_contac...')
#3 D:\Program Files\XAMPP\htdocs\bitirmeProjesi\app\Views\Frontend\ContactView.php(25): route_to('frontend_contac...')
#4 D:\Program Files\XAMPP\htdocs\bitirmeProjesi\system\View\View.php(214): include('D:\\Program File...')
#5 D:\Program Files\XAMPP\htdocs\bitirmeProjesi\system\View\View.php(217): CodeIgniter\View\View->CodeIgniter\View\{closure}()
#6 D:\Program Files\XAMPP\htdocs\bitirmeProjesi\system\Common.php(1097): CodeIgniter\View\View->render('Frontend/Contac...', Array, true)
#7 D:\Program Files\XAMPP\htdocs\bitirmeProjesi\app\Controllers\Frontend\Home.php(139): view('Frontend/Contac...', Array)
#8 D:\Program Files\XAMPP\htdocs\bitirmeProjesi\system\CodeIgniter.php(824): App\Controllers\Frontend\Home->contact('tr')
#9 D:\Program Files\XAMPP\htdocs\bitirmeProjesi\system\CodeIgniter.php(410): CodeIgniter\CodeIgniter->runController(Object(App\Controllers\Frontend\Home))
#10 D:\Program Files\XAMPP\htdocs\bitirmeProjesi\system\CodeIgniter.php(318): CodeIgniter\CodeIgniter->handleRequest(NULL, Object(Config\Cache), false)
#11 D:\Program Files\XAMPP\htdocs\bitirmeProjesi\index.php(37): CodeIgniter\CodeIgniter->run()
#12 {main}
CRITICAL - 2021-12-17 03:53:04 --> Undefined array key 0
#0 D:\Program Files\XAMPP\htdocs\bitirmeProjesi\system\Router\RouteCollection.php(1091): CodeIgniter\Debug\Exceptions->errorHandler(2, 'Undefined array...', 'D:\\Program File...', 1091)
#1 D:\Program Files\XAMPP\htdocs\bitirmeProjesi\system\Router\RouteCollection.php(971): CodeIgniter\Router\RouteCollection->fillRouteParams('(en|tr)/contact', Array)
#2 D:\Program Files\XAMPP\htdocs\bitirmeProjesi\system\Common.php(890): CodeIgniter\Router\RouteCollection->reverseRoute('frontend_contac...')
#3 D:\Program Files\XAMPP\htdocs\bitirmeProjesi\app\Views\Frontend\ContactView.php(25): route_to('frontend_contac...')
#4 D:\Program Files\XAMPP\htdocs\bitirmeProjesi\system\View\View.php(214): include('D:\\Program File...')
#5 D:\Program Files\XAMPP\htdocs\bitirmeProjesi\system\View\View.php(217): CodeIgniter\View\View->CodeIgniter\View\{closure}()
#6 D:\Program Files\XAMPP\htdocs\bitirmeProjesi\system\Common.php(1097): CodeIgniter\View\View->render('Frontend/Contac...', Array, true)
#7 D:\Program Files\XAMPP\htdocs\bitirmeProjesi\app\Controllers\Frontend\Home.php(139): view('Frontend/Contac...', Array)
#8 D:\Program Files\XAMPP\htdocs\bitirmeProjesi\system\CodeIgniter.php(824): App\Controllers\Frontend\Home->contact('tr')
#9 D:\Program Files\XAMPP\htdocs\bitirmeProjesi\system\CodeIgniter.php(410): CodeIgniter\CodeIgniter->runController(Object(App\Controllers\Frontend\Home))
#10 D:\Program Files\XAMPP\htdocs\bitirmeProjesi\system\CodeIgniter.php(318): CodeIgniter\CodeIgniter->handleRequest(NULL, Object(Config\Cache), false)
#11 D:\Program Files\XAMPP\htdocs\bitirmeProjesi\index.php(37): CodeIgniter\CodeIgniter->run()
#12 {main}
CRITICAL - 2021-12-17 03:55:10 --> Undefined array key 0
#0 D:\Program Files\XAMPP\htdocs\bitirmeProjesi\system\Router\RouteCollection.php(1091): CodeIgniter\Debug\Exceptions->errorHandler(2, 'Undefined array...', 'D:\\Program File...', 1091)
#1 D:\Program Files\XAMPP\htdocs\bitirmeProjesi\system\Router\RouteCollection.php(971): CodeIgniter\Router\RouteCollection->fillRouteParams('(en|tr)/contact', Array)
#2 D:\Program Files\XAMPP\htdocs\bitirmeProjesi\system\Common.php(890): CodeIgniter\Router\RouteCollection->reverseRoute('frontend_contac...')
#3 D:\Program Files\XAMPP\htdocs\bitirmeProjesi\app\Views\Frontend\ContactView.php(25): route_to('frontend_contac...')
#4 D:\Program Files\XAMPP\htdocs\bitirmeProjesi\system\View\View.php(214): include('D:\\Program File...')
#5 D:\Program Files\XAMPP\htdocs\bitirmeProjesi\system\View\View.php(217): CodeIgniter\View\View->CodeIgniter\View\{closure}()
#6 D:\Program Files\XAMPP\htdocs\bitirmeProjesi\system\Common.php(1097): CodeIgniter\View\View->render('Frontend/Contac...', Array, true)
#7 D:\Program Files\XAMPP\htdocs\bitirmeProjesi\app\Controllers\Frontend\Home.php(139): view('Frontend/Contac...', Array)
#8 D:\Program Files\XAMPP\htdocs\bitirmeProjesi\system\CodeIgniter.php(824): App\Controllers\Frontend\Home->contact('tr')
#9 D:\Program Files\XAMPP\htdocs\bitirmeProjesi\system\CodeIgniter.php(410): CodeIgniter\CodeIgniter->runController(Object(App\Controllers\Frontend\Home))
#10 D:\Program Files\XAMPP\htdocs\bitirmeProjesi\system\CodeIgniter.php(318): CodeIgniter\CodeIgniter->handleRequest(NULL, Object(Config\Cache), false)
#11 D:\Program Files\XAMPP\htdocs\bitirmeProjesi\index.php(37): CodeIgniter\CodeIgniter->run()
#12 {main}
CRITICAL - 2021-12-17 03:55:11 --> Undefined array key 0
#0 D:\Program Files\XAMPP\htdocs\bitirmeProjesi\system\Router\RouteCollection.php(1091): CodeIgniter\Debug\Exceptions->errorHandler(2, 'Undefined array...', 'D:\\Program File...', 1091)
#1 D:\Program Files\XAMPP\htdocs\bitirmeProjesi\system\Router\RouteCollection.php(971): CodeIgniter\Router\RouteCollection->fillRouteParams('(en|tr)/contact', Array)
#2 D:\Program Files\XAMPP\htdocs\bitirmeProjesi\system\Common.php(890): CodeIgniter\Router\RouteCollection->reverseRoute('frontend_contac...')
#3 D:\Program Files\XAMPP\htdocs\bitirmeProjesi\app\Views\Frontend\ContactView.php(25): route_to('frontend_contac...')
#4 D:\Program Files\XAMPP\htdocs\bitirmeProjesi\system\View\View.php(214): include('D:\\Program File...')
#5 D:\Program Files\XAMPP\htdocs\bitirmeProjesi\system\View\View.php(217): CodeIgniter\View\View->CodeIgniter\View\{closure}()
#6 D:\Program Files\XAMPP\htdocs\bitirmeProjesi\system\Common.php(1097): CodeIgniter\View\View->render('Frontend/Contac...', Array, true)
#7 D:\Program Files\XAMPP\htdocs\bitirmeProjesi\app\Controllers\Frontend\Home.php(139): view('Frontend/Contac...', Array)
#8 D:\Program Files\XAMPP\htdocs\bitirmeProjesi\system\CodeIgniter.php(824): App\Controllers\Frontend\Home->contact('tr')
#9 D:\Program Files\XAMPP\htdocs\bitirmeProjesi\system\CodeIgniter.php(410): CodeIgniter\CodeIgniter->runController(Object(App\Controllers\Frontend\Home))
#10 D:\Program Files\XAMPP\htdocs\bitirmeProjesi\system\CodeIgniter.php(318): CodeIgniter\CodeIgniter->handleRequest(NULL, Object(Config\Cache), false)
#11 D:\Program Files\XAMPP\htdocs\bitirmeProjesi\index.php(37): CodeIgniter\CodeIgniter->run()
#12 {main}
CRITICAL - 2021-12-17 03:55:11 --> Undefined array key 0
#0 D:\Program Files\XAMPP\htdocs\bitirmeProjesi\system\Router\RouteCollection.php(1091): CodeIgniter\Debug\Exceptions->errorHandler(2, 'Undefined array...', 'D:\\Program File...', 1091)
#1 D:\Program Files\XAMPP\htdocs\bitirmeProjesi\system\Router\RouteCollection.php(971): CodeIgniter\Router\RouteCollection->fillRouteParams('(en|tr)/contact', Array)
#2 D:\Program Files\XAMPP\htdocs\bitirmeProjesi\system\Common.php(890): CodeIgniter\Router\RouteCollection->reverseRoute('frontend_contac...')
#3 D:\Program Files\XAMPP\htdocs\bitirmeProjesi\app\Views\Frontend\ContactView.php(25): route_to('frontend_contac...')
#4 D:\Program Files\XAMPP\htdocs\bitirmeProjesi\system\View\View.php(214): include('D:\\Program File...')
#5 D:\Program Files\XAMPP\htdocs\bitirmeProjesi\system\View\View.php(217): CodeIgniter\View\View->CodeIgniter\View\{closure}()
#6 D:\Program Files\XAMPP\htdocs\bitirmeProjesi\system\Common.php(1097): CodeIgniter\View\View->render('Frontend/Contac...', Array, true)
#7 D:\Program Files\XAMPP\htdocs\bitirmeProjesi\app\Controllers\Frontend\Home.php(139): view('Frontend/Contac...', Array)
#8 D:\Program Files\XAMPP\htdocs\bitirmeProjesi\system\CodeIgniter.php(824): App\Controllers\Frontend\Home->contact('tr')
#9 D:\Program Files\XAMPP\htdocs\bitirmeProjesi\system\CodeIgniter.php(410): CodeIgniter\CodeIgniter->runController(Object(App\Controllers\Frontend\Home))
#10 D:\Program Files\XAMPP\htdocs\bitirmeProjesi\system\CodeIgniter.php(318): CodeIgniter\CodeIgniter->handleRequest(NULL, Object(Config\Cache), false)
#11 D:\Program Files\XAMPP\htdocs\bitirmeProjesi\index.php(37): CodeIgniter\CodeIgniter->run()
#12 {main}
CRITICAL - 2021-12-17 03:55:12 --> Undefined array key 0
#0 D:\Program Files\XAMPP\htdocs\bitirmeProjesi\system\Router\RouteCollection.php(1091): CodeIgniter\Debug\Exceptions->errorHandler(2, 'Undefined array...', 'D:\\Program File...', 1091)
#1 D:\Program Files\XAMPP\htdocs\bitirmeProjesi\system\Router\RouteCollection.php(971): CodeIgniter\Router\RouteCollection->fillRouteParams('(en|tr)/contact', Array)
#2 D:\Program Files\XAMPP\htdocs\bitirmeProjesi\system\Common.php(890): CodeIgniter\Router\RouteCollection->reverseRoute('frontend_contac...')
#3 D:\Program Files\XAMPP\htdocs\bitirmeProjesi\app\Views\Frontend\ContactView.php(25): route_to('frontend_contac...')
#4 D:\Program Files\XAMPP\htdocs\bitirmeProjesi\system\View\View.php(214): include('D:\\Program File...')
#5 D:\Program Files\XAMPP\htdocs\bitirmeProjesi\system\View\View.php(217): CodeIgniter\View\View->CodeIgniter\View\{closure}()
#6 D:\Program Files\XAMPP\htdocs\bitirmeProjesi\system\Common.php(1097): CodeIgniter\View\View->render('Frontend/Contac...', Array, true)
#7 D:\Program Files\XAMPP\htdocs\bitirmeProjesi\app\Controllers\Frontend\Home.php(139): view('Frontend/Contac...', Array)
#8 D:\Program Files\XAMPP\htdocs\bitirmeProjesi\system\CodeIgniter.php(824): App\Controllers\Frontend\Home->contact('tr')
#9 D:\Program Files\XAMPP\htdocs\bitirmeProjesi\system\CodeIgniter.php(410): CodeIgniter\CodeIgniter->runController(Object(App\Controllers\Frontend\Home))
#10 D:\Program Files\XAMPP\htdocs\bitirmeProjesi\system\CodeIgniter.php(318): CodeIgniter\CodeIgniter->handleRequest(NULL, Object(Config\Cache), false)
#11 D:\Program Files\XAMPP\htdocs\bitirmeProjesi\index.php(37): CodeIgniter\CodeIgniter->run()
#12 {main}
CRITICAL - 2021-12-17 03:56:02 --> Object of class CodeIgniter\HTTP\RedirectResponse could not be converted to string
#0 D:\Program Files\XAMPP\htdocs\bitirmeProjesi\system\View\View.php(214): include()
#1 D:\Program Files\XAMPP\htdocs\bitirmeProjesi\system\View\View.php(217): CodeIgniter\View\View->CodeIgniter\View\{closure}()
#2 D:\Program Files\XAMPP\htdocs\bitirmeProjesi\system\Common.php(1097): CodeIgniter\View\View->render('Frontend/Contac...', Array, true)
#3 D:\Program Files\XAMPP\htdocs\bitirmeProjesi\app\Controllers\Frontend\Home.php(139): view('Frontend/Contac...', Array)
#4 D:\Program Files\XAMPP\htdocs\bitirmeProjesi\system\CodeIgniter.php(824): App\Controllers\Frontend\Home->contact('tr')
#5 D:\Program Files\XAMPP\htdocs\bitirmeProjesi\system\CodeIgniter.php(410): CodeIgniter\CodeIgniter->runController(Object(App\Controllers\Frontend\Home))
#6 D:\Program Files\XAMPP\htdocs\bitirmeProjesi\system\CodeIgniter.php(318): CodeIgniter\CodeIgniter->handleRequest(NULL, Object(Config\Cache), false)
#7 D:\Program Files\XAMPP\htdocs\bitirmeProjesi\index.php(37): CodeIgniter\CodeIgniter->run()
#8 {main}
CRITICAL - 2021-12-17 03:56:03 --> Object of class CodeIgniter\HTTP\RedirectResponse could not be converted to string
#0 D:\Program Files\XAMPP\htdocs\bitirmeProjesi\system\View\View.php(214): include()
#1 D:\Program Files\XAMPP\htdocs\bitirmeProjesi\system\View\View.php(217): CodeIgniter\View\View->CodeIgniter\View\{closure}()
#2 D:\Program Files\XAMPP\htdocs\bitirmeProjesi\system\Common.php(1097): CodeIgniter\View\View->render('Frontend/Contac...', Array, true)
#3 D:\Program Files\XAMPP\htdocs\bitirmeProjesi\app\Controllers\Frontend\Home.php(139): view('Frontend/Contac...', Array)
#4 D:\Program Files\XAMPP\htdocs\bitirmeProjesi\system\CodeIgniter.php(824): App\Controllers\Frontend\Home->contact('tr')
#5 D:\Program Files\XAMPP\htdocs\bitirmeProjesi\system\CodeIgniter.php(410): CodeIgniter\CodeIgniter->runController(Object(App\Controllers\Frontend\Home))
#6 D:\Program Files\XAMPP\htdocs\bitirmeProjesi\system\CodeIgniter.php(318): CodeIgniter\CodeIgniter->handleRequest(NULL, Object(Config\Cache), false)
#7 D:\Program Files\XAMPP\htdocs\bitirmeProjesi\index.php(37): CodeIgniter\CodeIgniter->run()
#8 {main}
CRITICAL - 2021-12-17 03:56:03 --> Object of class CodeIgniter\HTTP\RedirectResponse could not be converted to string
#0 D:\Program Files\XAMPP\htdocs\bitirmeProjesi\system\View\View.php(214): include()
#1 D:\Program Files\XAMPP\htdocs\bitirmeProjesi\system\View\View.php(217): CodeIgniter\View\View->CodeIgniter\View\{closure}()
#2 D:\Program Files\XAMPP\htdocs\bitirmeProjesi\system\Common.php(1097): CodeIgniter\View\View->render('Frontend/Contac...', Array, true)
#3 D:\Program Files\XAMPP\htdocs\bitirmeProjesi\app\Controllers\Frontend\Home.php(139): view('Frontend/Contac...', Array)
#4 D:\Program Files\XAMPP\htdocs\bitirmeProjesi\system\CodeIgniter.php(824): App\Controllers\Frontend\Home->contact('tr')
#5 D:\Program Files\XAMPP\htdocs\bitirmeProjesi\system\CodeIgniter.php(410): CodeIgniter\CodeIgniter->runController(Object(App\Controllers\Frontend\Home))
#6 D:\Program Files\XAMPP\htdocs\bitirmeProjesi\system\CodeIgniter.php(318): CodeIgniter\CodeIgniter->handleRequest(NULL, Object(Config\Cache), false)
#7 D:\Program Files\XAMPP\htdocs\bitirmeProjesi\index.php(37): CodeIgniter\CodeIgniter->run()
#8 {main}
CRITICAL - 2021-12-17 03:56:43 --> Object of class CodeIgniter\HTTP\RedirectResponse could not be converted to string
#0 D:\Program Files\XAMPP\htdocs\bitirmeProjesi\system\View\View.php(214): include()
#1 D:\Program Files\XAMPP\htdocs\bitirmeProjesi\system\View\View.php(217): CodeIgniter\View\View->CodeIgniter\View\{closure}()
#2 D:\Program Files\XAMPP\htdocs\bitirmeProjesi\system\Common.php(1097): CodeIgniter\View\View->render('Frontend/Contac...', Array, true)
#3 D:\Program Files\XAMPP\htdocs\bitirmeProjesi\app\Controllers\Frontend\Home.php(139): view('Frontend/Contac...', Array)
#4 D:\Program Files\XAMPP\htdocs\bitirmeProjesi\system\CodeIgniter.php(824): App\Controllers\Frontend\Home->contact('tr')
#5 D:\Program Files\XAMPP\htdocs\bitirmeProjesi\system\CodeIgniter.php(410): CodeIgniter\CodeIgniter->runController(Object(App\Controllers\Frontend\Home))
#6 D:\Program Files\XAMPP\htdocs\bitirmeProjesi\system\CodeIgniter.php(318): CodeIgniter\CodeIgniter->handleRequest(NULL, Object(Config\Cache), false)
#7 D:\Program Files\XAMPP\htdocs\bitirmeProjesi\index.php(37): CodeIgniter\CodeIgniter->run()
#8 {main}
CRITICAL - 2021-12-17 03:56:44 --> Object of class CodeIgniter\HTTP\RedirectResponse could not be converted to string
#0 D:\Program Files\XAMPP\htdocs\bitirmeProjesi\system\View\View.php(214): include()
#1 D:\Program Files\XAMPP\htdocs\bitirmeProjesi\system\View\View.php(217): CodeIgniter\View\View->CodeIgniter\View\{closure}()
#2 D:\Program Files\XAMPP\htdocs\bitirmeProjesi\system\Common.php(1097): CodeIgniter\View\View->render('Frontend/Contac...', Array, true)
#3 D:\Program Files\XAMPP\htdocs\bitirmeProjesi\app\Controllers\Frontend\Home.php(139): view('Frontend/Contac...', Array)
#4 D:\Program Files\XAMPP\htdocs\bitirmeProjesi\system\CodeIgniter.php(824): App\Controllers\Frontend\Home->contact('tr')
#5 D:\Program Files\XAMPP\htdocs\bitirmeProjesi\system\CodeIgniter.php(410): CodeIgniter\CodeIgniter->runController(Object(App\Controllers\Frontend\Home))
#6 D:\Program Files\XAMPP\htdocs\bitirmeProjesi\system\CodeIgniter.php(318): CodeIgniter\CodeIgniter->handleRequest(NULL, Object(Config\Cache), false)
#7 D:\Program Files\XAMPP\htdocs\bitirmeProjesi\index.php(37): CodeIgniter\CodeIgniter->run()
#8 {main}
CRITICAL - 2021-12-17 03:56:44 --> Object of class CodeIgniter\HTTP\RedirectResponse could not be converted to string
#0 D:\Program Files\XAMPP\htdocs\bitirmeProjesi\system\View\View.php(214): include()
#1 D:\Program Files\XAMPP\htdocs\bitirmeProjesi\system\View\View.php(217): CodeIgniter\View\View->CodeIgniter\View\{closure}()
#2 D:\Program Files\XAMPP\htdocs\bitirmeProjesi\system\Common.php(1097): CodeIgniter\View\View->render('Frontend/Contac...', Array, true)
#3 D:\Program Files\XAMPP\htdocs\bitirmeProjesi\app\Controllers\Frontend\Home.php(139): view('Frontend/Contac...', Array)
#4 D:\Program Files\XAMPP\htdocs\bitirmeProjesi\system\CodeIgniter.php(824): App\Controllers\Frontend\Home->contact('tr')
#5 D:\Program Files\XAMPP\htdocs\bitirmeProjesi\system\CodeIgniter.php(410): CodeIgniter\CodeIgniter->runController(Object(App\Controllers\Frontend\Home))
#6 D:\Program Files\XAMPP\htdocs\bitirmeProjesi\system\CodeIgniter.php(318): CodeIgniter\CodeIgniter->handleRequest(NULL, Object(Config\Cache), false)
#7 D:\Program Files\XAMPP\htdocs\bitirmeProjesi\index.php(37): CodeIgniter\CodeIgniter->run()
#8 {main}
CRITICAL - 2021-12-17 03:56:44 --> Object of class CodeIgniter\HTTP\RedirectResponse could not be converted to string
#0 D:\Program Files\XAMPP\htdocs\bitirmeProjesi\system\View\View.php(214): include()
#1 D:\Program Files\XAMPP\htdocs\bitirmeProjesi\system\View\View.php(217): CodeIgniter\View\View->CodeIgniter\View\{closure}()
#2 D:\Program Files\XAMPP\htdocs\bitirmeProjesi\system\Common.php(1097): CodeIgniter\View\View->render('Frontend/Contac...', Array, true)
#3 D:\Program Files\XAMPP\htdocs\bitirmeProjesi\app\Controllers\Frontend\Home.php(139): view('Frontend/Contac...', Array)
#4 D:\Program Files\XAMPP\htdocs\bitirmeProjesi\system\CodeIgniter.php(824): App\Controllers\Frontend\Home->contact('tr')
#5 D:\Program Files\XAMPP\htdocs\bitirmeProjesi\system\CodeIgniter.php(410): CodeIgniter\CodeIgniter->runController(Object(App\Controllers\Frontend\Home))
#6 D:\Program Files\XAMPP\htdocs\bitirmeProjesi\system\CodeIgniter.php(318): CodeIgniter\CodeIgniter->handleRequest(NULL, Object(Config\Cache), false)
#7 D:\Program Files\XAMPP\htdocs\bitirmeProjesi\index.php(37): CodeIgniter\CodeIgniter->run()
#8 {main}
CRITICAL - 2021-12-17 03:56:45 --> Object of class CodeIgniter\HTTP\RedirectResponse could not be converted to string
#0 D:\Program Files\XAMPP\htdocs\bitirmeProjesi\system\View\View.php(214): include()
#1 D:\Program Files\XAMPP\htdocs\bitirmeProjesi\system\View\View.php(217): CodeIgniter\View\View->CodeIgniter\View\{closure}()
#2 D:\Program Files\XAMPP\htdocs\bitirmeProjesi\system\Common.php(1097): CodeIgniter\View\View->render('Frontend/Contac...', Array, true)
#3 D:\Program Files\XAMPP\htdocs\bitirmeProjesi\app\Controllers\Frontend\Home.php(139): view('Frontend/Contac...', Array)
#4 D:\Program Files\XAMPP\htdocs\bitirmeProjesi\system\CodeIgniter.php(824): App\Controllers\Frontend\Home->contact('tr')
#5 D:\Program Files\XAMPP\htdocs\bitirmeProjesi\system\CodeIgniter.php(410): CodeIgniter\CodeIgniter->runController(Object(App\Controllers\Frontend\Home))
#6 D:\Program Files\XAMPP\htdocs\bitirmeProjesi\system\CodeIgniter.php(318): CodeIgniter\CodeIgniter->handleRequest(NULL, Object(Config\Cache), false)
#7 D:\Program Files\XAMPP\htdocs\bitirmeProjesi\index.php(37): CodeIgniter\CodeIgniter->run()
#8 {main}
CRITICAL - 2021-12-17 03:58:20 --> syntax error, unexpected token ";"
#0 D:\Program Files\XAMPP\htdocs\bitirmeProjesi\system\View\View.php(217): CodeIgniter\View\View->CodeIgniter\View\{closure}()
#1 D:\Program Files\XAMPP\htdocs\bitirmeProjesi\system\Common.php(1097): CodeIgniter\View\View->render('Frontend/Contac...', Array, true)
#2 D:\Program Files\XAMPP\htdocs\bitirmeProjesi\app\Controllers\Frontend\Home.php(139): view('Frontend/Contac...', Array)
#3 D:\Program Files\XAMPP\htdocs\bitirmeProjesi\system\CodeIgniter.php(824): App\Controllers\Frontend\Home->contact('tr')
#4 D:\Program Files\XAMPP\htdocs\bitirmeProjesi\system\CodeIgniter.php(410): CodeIgniter\CodeIgniter->runController(Object(App\Controllers\Frontend\Home))
#5 D:\Program Files\XAMPP\htdocs\bitirmeProjesi\system\CodeIgniter.php(318): CodeIgniter\CodeIgniter->handleRequest(NULL, Object(Config\Cache), false)
#6 D:\Program Files\XAMPP\htdocs\bitirmeProjesi\index.php(37): CodeIgniter\CodeIgniter->run()
#7 {main}
CRITICAL - 2021-12-17 03:58:41 --> Undefined array key ""
#0 D:\Program Files\XAMPP\htdocs\bitirmeProjesi\app\Views\Frontend\ContactView.php(25): CodeIgniter\Debug\Exceptions->errorHandler(2, 'Undefined array...', 'D:\\Program File...', 25)
#1 D:\Program Files\XAMPP\htdocs\bitirmeProjesi\system\View\View.php(214): include('D:\\Program File...')
#2 D:\Program Files\XAMPP\htdocs\bitirmeProjesi\system\View\View.php(217): CodeIgniter\View\View->CodeIgniter\View\{closure}()
#3 D:\Program Files\XAMPP\htdocs\bitirmeProjesi\system\Common.php(1097): CodeIgniter\View\View->render('Frontend/Contac...', Array, true)
#4 D:\Program Files\XAMPP\htdocs\bitirmeProjesi\app\Controllers\Frontend\Home.php(139): view('Frontend/Contac...', Array)
#5 D:\Program Files\XAMPP\htdocs\bitirmeProjesi\system\CodeIgniter.php(824): App\Controllers\Frontend\Home->contact('tr')
#6 D:\Program Files\XAMPP\htdocs\bitirmeProjesi\system\CodeIgniter.php(410): CodeIgniter\CodeIgniter->runController(Object(App\Controllers\Frontend\Home))
#7 D:\Program Files\XAMPP\htdocs\bitirmeProjesi\system\CodeIgniter.php(318): CodeIgniter\CodeIgniter->handleRequest(NULL, Object(Config\Cache), false)
#8 D:\Program Files\XAMPP\htdocs\bitirmeProjesi\index.php(37): CodeIgniter\CodeIgniter->run()
#9 {main}
CRITICAL - 2021-12-17 04:00:29 --> Undefined array key ""
#0 D:\Program Files\XAMPP\htdocs\bitirmeProjesi\app\Views\Frontend\ContactView.php(25): CodeIgniter\Debug\Exceptions->errorHandler(2, 'Undefined array...', 'D:\\Program File...', 25)
#1 D:\Program Files\XAMPP\htdocs\bitirmeProjesi\system\View\View.php(214): include('D:\\Program File...')
#2 D:\Program Files\XAMPP\htdocs\bitirmeProjesi\system\View\View.php(217): CodeIgniter\View\View->CodeIgniter\View\{closure}()
#3 D:\Program Files\XAMPP\htdocs\bitirmeProjesi\system\Common.php(1097): CodeIgniter\View\View->render('Frontend/Contac...', Array, true)
#4 D:\Program Files\XAMPP\htdocs\bitirmeProjesi\app\Controllers\Frontend\Home.php(139): view('Frontend/Contac...', Array)
#5 D:\Program Files\XAMPP\htdocs\bitirmeProjesi\system\CodeIgniter.php(824): App\Controllers\Frontend\Home->contact('tr')
#6 D:\Program Files\XAMPP\htdocs\bitirmeProjesi\system\CodeIgniter.php(410): CodeIgniter\CodeIgniter->runController(Object(App\Controllers\Frontend\Home))
#7 D:\Program Files\XAMPP\htdocs\bitirmeProjesi\system\CodeIgniter.php(318): CodeIgniter\CodeIgniter->handleRequest(NULL, Object(Config\Cache), false)
#8 D:\Program Files\XAMPP\htdocs\bitirmeProjesi\index.php(37): CodeIgniter\CodeIgniter->run()
#9 {main}
CRITICAL - 2021-12-17 04:02:17 --> Undefined variable $totalTime
#0 D:\Program Files\XAMPP\htdocs\bitirmeProjesi\system\Debug\Toolbar\Views\toolbar.tpl.php(40): CodeIgniter\Debug\Exceptions->errorHandler(2, 'Undefined varia...', 'D:\\Program File...', 40)
#1 D:\Program Files\XAMPP\htdocs\bitirmeProjesi\system\Debug\Toolbar.php(497): include('D:\\Program File...')
#2 D:\Program Files\XAMPP\htdocs\bitirmeProjesi\system\Debug\Toolbar.php(460): CodeIgniter\Debug\Toolbar->format(Array, 'html')
#3 D:\Program Files\XAMPP\htdocs\bitirmeProjesi\app\Config\Events.php(48): CodeIgniter\Debug\Toolbar->respond()
#4 D:\Program Files\XAMPP\htdocs\bitirmeProjesi\system\Events\Events.php(149): CodeIgniter\Events\Events::Config\{closure}()
#5 D:\Program Files\XAMPP\htdocs\bitirmeProjesi\system\CodeIgniter.php(300): CodeIgniter\Events\Events::trigger('pre_system')
#6 D:\Program Files\XAMPP\htdocs\bitirmeProjesi\index.php(37): CodeIgniter\CodeIgniter->run()
#7 {main}
